#
# There is insufficient memory for the Java Runtime Environment to continue.
# Native memory allocation (mmap) failed to map 85983232 bytes for committing reserved memory.
# Possible reasons:
#   The system is out of physical RAM or swap space
#   In 32 bit mode, the process size limit was hit
# Possible solutions:
#   Reduce memory load on the system
#   Increase physical memory or swap space
#   Check if swap backing store is full
#   Use 64 bit Java on a 64 bit OS
#   Decrease Java heap size (-Xmx/-Xms)
#   Decrease number of Java threads
#   Decrease Java thread stack sizes (-Xss)
#   Set larger code cache with -XX:ReservedCodeCacheSize=
# This output file may be truncated or incomplete.
#
#  Out of Memory Error (os_linux.cpp:2627), pid=27480, tid=0x00007f45fce5a700
#
# JRE version: Java(TM) SE Runtime Environment (8.0_101-b13) (build 1.8.0_101-b13)
# Java VM: Java HotSpot(TM) 64-Bit Server VM (25.101-b13 mixed mode linux-amd64 compressed oops)
# Failed to write core dump. Core dumps have been disabled. To enable core dumping, try "ulimit -c unlimited" before starting Java again
#

---------------  T H R E A D  ---------------

Current thread (0x00007f4610078000):  VMThread [stack: 0x00007f45fcd5a000,0x00007f45fce5b000] [id=27521]

Stack: [0x00007f45fcd5a000,0x00007f45fce5b000],  sp=0x00007f45fce59120,  free space=1020k
Native frames: (J=compiled Java code, j=interpreted, Vv=VM code, C=native code)
V  [libjvm.so+0xac3f0a]  VMError::report_and_die()+0x2ba
V  [libjvm.so+0x4fbf9b]  report_vm_out_of_memory(char const*, int, unsigned long, VMErrorType, char const*)+0x8b
V  [libjvm.so+0x9222d3]  os::Linux::commit_memory_impl(char*, unsigned long, bool)+0x103
V  [libjvm.so+0x922829]  os::pd_commit_memory(char*, unsigned long, unsigned long, bool)+0x29
V  [libjvm.so+0x91cb2a]  os::commit_memory(char*, unsigned long, unsigned long, bool)+0x2a
V  [libjvm.so+0x991053]  PSVirtualSpace::expand_by(unsigned long)+0x53
V  [libjvm.so+0x992458]  PSYoungGen::resize_generation(unsigned long, unsigned long)+0xf8
V  [libjvm.so+0x9915b2]  PSYoungGen::resize(unsigned long, unsigned long)+0x22
V  [libjvm.so+0x98e88b]  PSScavenge::invoke_no_policy()+0xf3b
V  [libjvm.so+0x98f011]  PSScavenge::invoke()+0x41
V  [libjvm.so+0x945fc0]  ParallelScavengeHeap::failed_mem_allocate(unsigned long)+0x70
V  [libjvm.so+0xac5927]  VM_ParallelGCFailedAllocation::doit()+0x97
V  [libjvm.so+0xacd405]  VM_Operation::evaluate()+0x55
V  [libjvm.so+0xacb7da]  VMThread::evaluate_operation(VM_Operation*)+0xba
V  [libjvm.so+0xacbb5e]  VMThread::loop()+0x1ce
V  [libjvm.so+0xacbfd0]  VMThread::run()+0x70
V  [libjvm.so+0x924698]  java_start(Thread*)+0x108

VM_Operation (0x00007f45f7af8d90): ParallelGCFailedAllocation, mode: safepoint, requested by thread 0x00007f461013e800


---------------  P R O C E S S  ---------------

Java Threads: ( => current thread )
  0x00007f4610146000 JavaThread "pool-1-thread-4" [_thread_blocked, id=27546, stack(0x00007f45f75f6000,0x00007f45f76f7000)]
  0x00007f4610144000 JavaThread "pool-1-thread-3" [_thread_blocked, id=27545, stack(0x00007f45f76f7000,0x00007f45f77f8000)]
  0x00007f4610142800 JavaThread "pool-1-thread-2" [_thread_blocked, id=27544, stack(0x00007f45f77f8000,0x00007f45f78f9000)]
  0x00007f4610140800 JavaThread "pool-2-thread-1" [_thread_blocked, id=27543, stack(0x00007f45f78f9000,0x00007f45f79fa000)]
  0x00007f461013e800 JavaThread "pool-1-thread-1" [_thread_blocked, id=27540, stack(0x00007f45f79fa000,0x00007f45f7afb000)]
  0x00007f46100c8000 JavaThread "Service Thread" daemon [_thread_blocked, id=27537, stack(0x00007f45f7bfc000,0x00007f45f7cfd000)]
  0x00007f46100bd000 JavaThread "C1 CompilerThread2" daemon [_thread_blocked, id=27536, stack(0x00007f45f7cfd000,0x00007f45f7dfe000)]
  0x00007f46100bb800 JavaThread "C2 CompilerThread1" daemon [_thread_blocked, id=27535, stack(0x00007f45f7dfe000,0x00007f45f7eff000)]
  0x00007f46100b8800 JavaThread "C2 CompilerThread0" daemon [_thread_blocked, id=27534, stack(0x00007f45f7eff000,0x00007f45f8000000)]
  0x00007f46100b7000 JavaThread "Signal Dispatcher" daemon [_thread_blocked, id=27527, stack(0x00007f45fc098000,0x00007f45fc199000)]
  0x00007f4610084000 JavaThread "Finalizer" daemon [_thread_blocked, id=27526, stack(0x00007f45fcb58000,0x00007f45fcc59000)]
  0x00007f461007f800 JavaThread "Reference Handler" daemon [_thread_blocked, id=27525, stack(0x00007f45fcc59000,0x00007f45fcd5a000)]
  0x00007f461000a000 JavaThread "main" [_thread_blocked, id=27507, stack(0x00007f461740c000,0x00007f461750d000)]

Other Threads:
=>0x00007f4610078000 VMThread [stack: 0x00007f45fcd5a000,0x00007f45fce5b000] [id=27521]
  0x00007f46100cb000 WatcherThread [stack: 0x00007f45f7afb000,0x00007f45f7bfc000] [id=27538]

VM state:at safepoint (normal execution)

VM Mutex/Monitor currently owned by a thread:  ([mutex/lock_event])
[0x00007f46100063f0] Threads_lock - owner thread: 0x00007f4610078000
[0x00007f46100068f0] Heap_lock - owner thread: 0x00007f461013e800

Heap:
 PSYoungGen      total 64000K, used 2546K [0x00000000eab00000, 0x00000000eec00000, 0x0000000100000000)
  eden space 61440K, 0% used [0x00000000eab00000,0x00000000eab00000,0x00000000ee700000)
  from space 2560K, 99% used [0x00000000ee700000,0x00000000ee97c8d8,0x00000000ee980000)
  to   space 2560K, 0% used [0x00000000ee980000,0x00000000ee980000,0x00000000eec00000)
 ParOldGen       total 40960K, used 20210K [0x00000000c0000000, 0x00000000c2800000, 0x00000000eab00000)
  object space 40960K, 49% used [0x00000000c0000000,0x00000000c13bc9a0,0x00000000c2800000)
 Metaspace       used 6153K, capacity 7088K, committed 7296K, reserved 1056768K
  class space    used 594K, capacity 616K, committed 640K, reserved 1048576K

Card table byte_map: [0x00007f4600dff000,0x00007f4601000000] byte_map_base: 0x00007f46007ff000

Marking Bits: (ParMarkBitMap*) 0x00007f46168e1120
 Begin Bits: [0x00007f45fe9fb000, 0x00007f45ff9fb000)
 End Bits:   [0x00007f45ff9fb000, 0x00007f46009fb000)

Polling page: 0x00007f4617530000

CodeCache: size=245760Kb used=6602Kb max_used=6613Kb free=239157Kb
 bounds [0x00007f4601000000, 0x00007f4601680000, 0x00007f4610000000]
 total_blobs=1935 nmethods=1667 adapters=182
 compilation: enabled

Compilation events (10 events):
Event: 14,058 Thread 0x00007f46100bd000 2023       2       java.util.zip.ZipFile::ensureOpenOrZipException (18 bytes)
Event: 14,058 Thread 0x00007f46100bd000 nmethod 2023 0x00007f4601676310 code [0x00007f4601676480, 0x00007f4601676648]
Event: 14,058 Thread 0x00007f46100bd000 2024       2       java.util.zip.ZipFile::access$1400 (14 bytes)
Event: 14,058 Thread 0x00007f46100bd000 nmethod 2024 0x00007f4601675f90 code [0x00007f4601676100, 0x00007f4601676248]
Event: 14,062 Thread 0x00007f46100b8800 nmethod 1832 0x00007f460167b2d0 code [0x00007f460167b480, 0x00007f460167bf38]
Event: 14,062 Thread 0x00007f46100b8800 1831       4       com.android.dx.ssa.SsaBasicBlock::<init> (109 bytes)
Event: 14,069 Thread 0x00007f46100b8800 nmethod 1831 0x00007f4601679110 code [0x00007f46016792c0, 0x00007f4601679998]
Event: 14,069 Thread 0x00007f46100b8800 1825       4       com.android.dx.ssa.SsaRenamer$BlockRenamer::<init> (72 bytes)
Event: 14,073 Thread 0x00007f46100b8800 nmethod 1825 0x00007f4601672f90 code [0x00007f4601673120, 0x00007f46016734f8]
Event: 14,073 Thread 0x00007f46100b8800 1826       4       com.android.dx.ssa.SsaRenamer$1::visitBlock (16 bytes)

GC Heap History (9 events):
Event: 1,538 GC heap before
{Heap before GC invocations=1 (full 0):
 PSYoungGen      total 17920K, used 15360K [0x00000000eab00000, 0x00000000ebf00000, 0x0000000100000000)
  eden space 15360K, 100% used [0x00000000eab00000,0x00000000eba00000,0x00000000eba00000)
  from space 2560K, 0% used [0x00000000ebc80000,0x00000000ebc80000,0x00000000ebf00000)
  to   space 2560K, 0% used [0x00000000eba00000,0x00000000eba00000,0x00000000ebc80000)
 ParOldGen       total 40960K, used 0K [0x00000000c0000000, 0x00000000c2800000, 0x00000000eab00000)
  object space 40960K, 0% used [0x00000000c0000000,0x00000000c0000000,0x00000000c2800000)
 Metaspace       used 3346K, capacity 4720K, committed 4864K, reserved 1056768K
  class space    used 359K, capacity 424K, committed 512K, reserved 1048576K
Event: 2,093 GC heap after
Heap after GC invocations=1 (full 0):
 PSYoungGen      total 17920K, used 925K [0x00000000eab00000, 0x00000000ece00000, 0x0000000100000000)
  eden space 15360K, 0% used [0x00000000eab00000,0x00000000eab00000,0x00000000eba00000)
  from space 2560K, 36% used [0x00000000eba00000,0x00000000ebae75f0,0x00000000ebc80000)
  to   space 2560K, 0% used [0x00000000ecb80000,0x00000000ecb80000,0x00000000ece00000)
 ParOldGen       total 40960K, used 0K [0x00000000c0000000, 0x00000000c2800000, 0x00000000eab00000)
  object space 40960K, 0% used [0x00000000c0000000,0x00000000c0000000,0x00000000c2800000)
 Metaspace       used 3346K, capacity 4720K, committed 4864K, reserved 1056768K
  class space    used 359K, capacity 424K, committed 512K, reserved 1048576K
}
Event: 3,865 GC heap before
{Heap before GC invocations=2 (full 0):
 PSYoungGen      total 17920K, used 16285K [0x00000000eab00000, 0x00000000ece00000, 0x0000000100000000)
  eden space 15360K, 100% used [0x00000000eab00000,0x00000000eba00000,0x00000000eba00000)
  from space 2560K, 36% used [0x00000000eba00000,0x00000000ebae75f0,0x00000000ebc80000)
  to   space 2560K, 0% used [0x00000000ecb80000,0x00000000ecb80000,0x00000000ece00000)
 ParOldGen       total 40960K, used 0K [0x00000000c0000000, 0x00000000c2800000, 0x00000000eab00000)
  object space 40960K, 0% used [0x00000000c0000000,0x00000000c0000000,0x00000000c2800000)
 Metaspace       used 5691K, capacity 6704K, committed 6784K, reserved 1056768K
  class space    used 591K, capacity 616K, committed 640K, reserved 1048576K
Event: 4,558 GC heap after
Heap after GC invocations=2 (full 0):
 PSYoungGen      total 33280K, used 2558K [0x00000000eab00000, 0x00000000ece00000, 0x0000000100000000)
  eden space 30720K, 0% used [0x00000000eab00000,0x00000000eab00000,0x00000000ec900000)
  from space 2560K, 99% used [0x00000000ecb80000,0x00000000ecdff870,0x00000000ece00000)
  to   space 2560K, 0% used [0x00000000ec900000,0x00000000ec900000,0x00000000ecb80000)
 ParOldGen       total 40960K, used 1865K [0x00000000c0000000, 0x00000000c2800000, 0x00000000eab00000)
  object space 40960K, 4% used [0x00000000c0000000,0x00000000c01d2750,0x00000000c2800000)
 Metaspace       used 5691K, capacity 6704K, committed 6784K, reserved 1056768K
  class space    used 591K, capacity 616K, committed 640K, reserved 1048576K
}
Event: 9,181 GC heap before
{Heap before GC invocations=3 (full 0):
 PSYoungGen      total 33280K, used 33278K [0x00000000eab00000, 0x00000000ece00000, 0x0000000100000000)
  eden space 30720K, 100% used [0x00000000eab00000,0x00000000ec900000,0x00000000ec900000)
  from space 2560K, 99% used [0x00000000ecb80000,0x00000000ecdff870,0x00000000ece00000)
  to   space 2560K, 0% used [0x00000000ec900000,0x00000000ec900000,0x00000000ecb80000)
 ParOldGen       total 40960K, used 1865K [0x00000000c0000000, 0x00000000c2800000, 0x00000000eab00000)
  object space 40960K, 4% used [0x00000000c0000000,0x00000000c01d2750,0x00000000c2800000)
 Metaspace       used 5834K, capacity 6832K, committed 7040K, reserved 1056768K
  class space    used 594K, capacity 616K, committed 640K, reserved 1048576K
Event: 9,570 GC heap after
Heap after GC invocations=3 (full 0):
 PSYoungGen      total 33280K, used 2546K [0x00000000eab00000, 0x00000000eec00000, 0x0000000100000000)
  eden space 30720K, 0% used [0x00000000eab00000,0x00000000eab00000,0x00000000ec900000)
  from space 2560K, 99% used [0x00000000ec900000,0x00000000ecb7c8d8,0x00000000ecb80000)
  to   space 2560K, 0% used [0x00000000ee980000,0x00000000ee980000,0x00000000eec00000)
 ParOldGen       total 40960K, used 7150K [0x00000000c0000000, 0x00000000c2800000, 0x00000000eab00000)
  object space 40960K, 17% used [0x00000000c0000000,0x00000000c06fb808,0x00000000c2800000)
 Metaspace       used 5834K, capacity 6832K, committed 7040K, reserved 1056768K
  class space    used 594K, capacity 616K, committed 640K, reserved 1048576K
}
Event: 9,844 GC heap before
{Heap before GC invocations=4 (full 0):
 PSYoungGen      total 33280K, used 33266K [0x00000000eab00000, 0x00000000eec00000, 0x0000000100000000)
  eden space 30720K, 100% used [0x00000000eab00000,0x00000000ec900000,0x00000000ec900000)
  from space 2560K, 99% used [0x00000000ec900000,0x00000000ecb7c8d8,0x00000000ecb80000)
  to   space 2560K, 0% used [0x00000000ee980000,0x00000000ee980000,0x00000000eec00000)
 ParOldGen       total 40960K, used 7150K [0x00000000c0000000, 0x00000000c2800000, 0x00000000eab00000)
  object space 40960K, 17% used [0x00000000c0000000,0x00000000c06fb808,0x00000000c2800000)
 Metaspace       used 5869K, capacity 6832K, committed 7040K, reserved 1056768K
  class space    used 594K, capacity 616K, committed 640K, reserved 1048576K
Event: 10,065 GC heap after
Heap after GC invocations=4 (full 0):
 PSYoungGen      total 64000K, used 2546K [0x00000000eab00000, 0x00000000eec00000, 0x0000000100000000)
  eden space 61440K, 0% used [0x00000000eab00000,0x00000000eab00000,0x00000000ee700000)
  from space 2560K, 99% used [0x00000000ee980000,0x00000000eebfc8d8,0x00000000eec00000)
  to   space 2560K, 0% used [0x00000000ee700000,0x00000000ee700000,0x00000000ee980000)
 ParOldGen       total 40960K, used 10921K [0x00000000c0000000, 0x00000000c2800000, 0x00000000eab00000)
  object space 40960K, 26% used [0x00000000c0000000,0x00000000c0aaa5e8,0x00000000c2800000)
 Metaspace       used 5869K, capacity 6832K, committed 7040K, reserved 1056768K
  class space    used 594K, capacity 616K, committed 640K, reserved 1048576K
}
Event: 18,306 GC heap before
{Heap before GC invocations=5 (full 0):
 PSYoungGen      total 64000K, used 63986K [0x00000000eab00000, 0x00000000eec00000, 0x0000000100000000)
  eden space 61440K, 100% used [0x00000000eab00000,0x00000000ee700000,0x00000000ee700000)
  from space 2560K, 99% used [0x00000000ee980000,0x00000000eebfc8d8,0x00000000eec00000)
  to   space 2560K, 0% used [0x00000000ee700000,0x00000000ee700000,0x00000000ee980000)
 ParOldGen       total 40960K, used 10921K [0x00000000c0000000, 0x00000000c2800000, 0x00000000eab00000)
  object space 40960K, 26% used [0x00000000c0000000,0x00000000c0aaa5e8,0x00000000c2800000)
 Metaspace       used 6153K, capacity 7088K, committed 7296K, reserved 1056768K
  class space    used 594K, capacity 616K, committed 640K, reserved 1048576K

Deoptimization events (10 events):
Event: 10,665 Thread 0x00007f4610146000 Uncommon trap: reason=bimorphic action=maybe_recompile pc=0x00007f46012ebad4 method=java.util.HashMap.getNode(ILjava/lang/Object;)Ljava/util/HashMap$Node; @ 126
Event: 10,665 Thread 0x00007f4610146000 Uncommon trap: reason=bimorphic action=maybe_recompile pc=0x00007f46012ebad4 method=java.util.HashMap.getNode(ILjava/lang/Object;)Ljava/util/HashMap$Node; @ 126
Event: 10,666 Thread 0x00007f4610146000 Uncommon trap: reason=class_check action=maybe_recompile pc=0x00007f460148c36c method=java.util.HashMap.putVal(ILjava/lang/Object;Ljava/lang/Object;ZZ)Ljava/lang/Object; @ 203
Event: 10,666 Thread 0x00007f4610146000 Uncommon trap: reason=bimorphic action=maybe_recompile pc=0x00007f4601241c28 method=java.util.HashMap.getNode(ILjava/lang/Object;)Ljava/util/HashMap$Node; @ 126
Event: 10,687 Thread 0x00007f4610146000 Uncommon trap: reason=bimorphic action=maybe_recompile pc=0x00007f46014ab7f8 method=com.android.dx.ssa.NormalSsaInsn.accept(Lcom/android/dx/ssa/SsaInsn$Visitor;)V @ 9
Event: 10,687 Thread 0x00007f4610146000 Uncommon trap: reason=bimorphic action=maybe_recompile pc=0x00007f46014ab7f8 method=com.android.dx.ssa.NormalSsaInsn.accept(Lcom/android/dx/ssa/SsaInsn$Visitor;)V @ 9
Event: 10,687 Thread 0x00007f4610146000 Uncommon trap: reason=bimorphic action=maybe_recompile pc=0x00007f46014ab7f8 method=com.android.dx.ssa.NormalSsaInsn.accept(Lcom/android/dx/ssa/SsaInsn$Visitor;)V @ 9
Event: 10,687 Thread 0x00007f4610146000 Uncommon trap: reason=bimorphic action=maybe_recompile pc=0x00007f46014ab7f8 method=com.android.dx.ssa.NormalSsaInsn.accept(Lcom/android/dx/ssa/SsaInsn$Visitor;)V @ 9
Event: 10,708 Thread 0x00007f461013e800 Uncommon trap: reason=unstable_if action=reinterpret pc=0x00007f46013790bc method=com.android.dx.ssa.SsaMethod.updateOneDefinition(Lcom/android/dx/ssa/SsaInsn;Lcom/android/dx/rop/code/RegisterSpec;)V @ 4
Event: 13,923 Thread 0x00007f4610142800 Uncommon trap: reason=null_check action=make_not_entrant pc=0x00007f4601517730 method=com.android.dx.ssa.SsaRenamer.getLocalForNewReg(I)Lcom/android/dx/rop/code/LocalItem; @ 19

Internal exceptions (3 events):
Event: 0,091 Thread 0x00007f461000a000 Exception <a 'java/lang/NoSuchMethodError': Method sun.misc.Unsafe.defineClass(Ljava/lang/String;[BII)Ljava/lang/Class; name or signature does not match> (0x00000000eab07cc0) thrown at [/HUDSON3/workspace/8-2-build-linux-amd64/jdk8u101/7261/hotspot/src/sh
Event: 0,091 Thread 0x00007f461000a000 Exception <a 'java/lang/NoSuchMethodError': Method sun.misc.Unsafe.prefetchRead(Ljava/lang/Object;J)V name or signature does not match> (0x00000000eab07fa8) thrown at [/HUDSON3/workspace/8-2-build-linux-amd64/jdk8u101/7261/hotspot/src/share/vm/prims/jni.c
Event: 13,923 Thread 0x00007f4610142800 Implicit null exception at 0x00007f4601515a94 to 0x00007f46015176ed

Events (10 events):
Event: 13,799 Thread 0x00007f4610142800 DEOPT PACKING pc=0x00007f46013c426c sp=0x00007f45f78f6d20
Event: 13,799 Thread 0x00007f4610142800 DEOPT UNPACKING pc=0x00007f4601047633 sp=0x00007f45f78f6ac0 mode 0
Event: 13,802 Thread 0x00007f4610142800 DEOPT PACKING pc=0x00007f46013682d2 sp=0x00007f45f78f6cc0
Event: 13,802 Thread 0x00007f4610142800 DEOPT UNPACKING pc=0x00007f4601047633 sp=0x00007f45f78f6a50 mode 0
Event: 13,812 Thread 0x00007f4610142800 DEOPT PACKING pc=0x00007f460140a268 sp=0x00007f45f78f6d70
Event: 13,812 Thread 0x00007f4610142800 DEOPT UNPACKING pc=0x00007f4601047633 sp=0x00007f45f78f6bc0 mode 0
Event: 13,923 Thread 0x00007f4610142800 Uncommon trap: trap_request=0xfffffff4 fr.pc=0x00007f4601517730
Event: 13,923 Thread 0x00007f4610142800 DEOPT PACKING pc=0x00007f4601517730 sp=0x00007f45f78f6d30
Event: 13,923 Thread 0x00007f4610142800 DEOPT UNPACKING pc=0x00007f4601005229 sp=0x00007f45f78f6ad0 mode 2
Event: 17,754 Executing VM operation: ParallelGCFailedAllocation


Dynamic libraries:
00400000-00401000 r-xp 00000000 08:06 2888022                            /opt/jdk1.8.0_101/bin/java
00600000-00601000 rw-p 00000000 08:06 2888022                            /opt/jdk1.8.0_101/bin/java
01677000-01698000 rw-p 00000000 00:00 0                                  [heap]
c0000000-c2800000 rw-p 00000000 00:00 0 
c2800000-eab00000 ---p 00000000 00:00 0 
eab00000-eec00000 rw-p 00000000 00:00 0 
f3e00000-100000000 ---p 00000000 00:00 0 
100000000-1000a0000 rw-p 00000000 00:00 0 
1000a0000-140000000 ---p 00000000 00:00 0 
7f45b0000000-7f45b0021000 rw-p 00000000 00:00 0 
7f45b0021000-7f45b4000000 ---p 00000000 00:00 0 
7f45b4000000-7f45b4026000 rw-p 00000000 00:00 0 
7f45b4026000-7f45b8000000 ---p 00000000 00:00 0 
7f45b8000000-7f45b8021000 rw-p 00000000 00:00 0 
7f45b8021000-7f45bc000000 ---p 00000000 00:00 0 
7f45bc000000-7f45bc02f000 rw-p 00000000 00:00 0 
7f45bc02f000-7f45c0000000 ---p 00000000 00:00 0 
7f45c0000000-7f45c0021000 rw-p 00000000 00:00 0 
7f45c0021000-7f45c4000000 ---p 00000000 00:00 0 
7f45c4000000-7f45c4026000 rw-p 00000000 00:00 0 
7f45c4026000-7f45c8000000 ---p 00000000 00:00 0 
7f45c8000000-7f45c852d000 rw-p 00000000 00:00 0 
7f45c852d000-7f45cc000000 ---p 00000000 00:00 0 
7f45cc000000-7f45cc021000 rw-p 00000000 00:00 0 
7f45cc021000-7f45d0000000 ---p 00000000 00:00 0 
7f45d0000000-7f45d06db000 rw-p 00000000 00:00 0 
7f45d06db000-7f45d4000000 ---p 00000000 00:00 0 
7f45d4000000-7f45d5760000 rw-p 00000000 00:00 0 
7f45d5760000-7f45d8000000 ---p 00000000 00:00 0 
7f45d8000000-7f45d8021000 rw-p 00000000 00:00 0 
7f45d8021000-7f45dc000000 ---p 00000000 00:00 0 
7f45dc000000-7f45dc021000 rw-p 00000000 00:00 0 
7f45dc021000-7f45e0000000 ---p 00000000 00:00 0 
7f45e0000000-7f45e0291000 rw-p 00000000 00:00 0 
7f45e0291000-7f45e4000000 ---p 00000000 00:00 0 
7f45e4000000-7f45e4021000 rw-p 00000000 00:00 0 
7f45e4021000-7f45e8000000 ---p 00000000 00:00 0 
7f45e8000000-7f45e8021000 rw-p 00000000 00:00 0 
7f45e8021000-7f45ec000000 ---p 00000000 00:00 0 
7f45ec000000-7f45ec021000 rw-p 00000000 00:00 0 
7f45ec021000-7f45f0000000 ---p 00000000 00:00 0 
7f45f0000000-7f45f0021000 rw-p 00000000 00:00 0 
7f45f0021000-7f45f4000000 ---p 00000000 00:00 0 
7f45f75f6000-7f45f75f9000 ---p 00000000 00:00 0 
7f45f75f9000-7f45f76f7000 rw-p 00000000 00:00 0 
7f45f76f7000-7f45f76fa000 ---p 00000000 00:00 0 
7f45f76fa000-7f45f77f8000 rw-p 00000000 00:00 0 
7f45f77f8000-7f45f77fb000 ---p 00000000 00:00 0 
7f45f77fb000-7f45f78f9000 rw-p 00000000 00:00 0 
7f45f78f9000-7f45f78fc000 ---p 00000000 00:00 0 
7f45f78fc000-7f45f79fa000 rw-p 00000000 00:00 0 
7f45f79fa000-7f45f79fd000 ---p 00000000 00:00 0 
7f45f79fd000-7f45f7afb000 rw-p 00000000 00:00 0 
7f45f7afb000-7f45f7afc000 ---p 00000000 00:00 0 
7f45f7afc000-7f45f7bfc000 rw-p 00000000 00:00 0 
7f45f7bfc000-7f45f7bff000 ---p 00000000 00:00 0 
7f45f7bff000-7f45f7cfd000 rw-p 00000000 00:00 0 
7f45f7cfd000-7f45f7d00000 ---p 00000000 00:00 0 
7f45f7d00000-7f45f7dfe000 rw-p 00000000 00:00 0 
7f45f7dfe000-7f45f7e01000 ---p 00000000 00:00 0 
7f45f7e01000-7f45f7eff000 rw-p 00000000 00:00 0 
7f45f7eff000-7f45f7f02000 ---p 00000000 00:00 0 
7f45f7f02000-7f45f8000000 rw-p 00000000 00:00 0 
7f45f8000000-7f45f8021000 rw-p 00000000 00:00 0 
7f45f8021000-7f45fc000000 ---p 00000000 00:00 0 
7f45fc03d000-7f45fc044000 r--s 00000000 08:06 134313                     /usr/lib/x86_64-linux-gnu/gconv/gconv-modules.cache
7f45fc044000-7f45fc073000 r--p 00000000 08:06 1579226                    /usr/share/locale-langpack/ru/LC_MESSAGES/libc.mo
7f45fc073000-7f45fc08a000 r--s 00101000 08:06 5246767                    /root/AndroidStudioProjects/jaycane/app/build/intermediates/exploded-aar/com.android.support/support-v4/24.1.1/jars/classes.jar
7f45fc08a000-7f45fc098000 r--s 000e0000 08:06 2756276                    /root/Android/Sdk/build-tools/24.0.1/lib/dx.jar
7f45fc098000-7f45fc09b000 ---p 00000000 00:00 0 
7f45fc09b000-7f45fc199000 rw-p 00000000 00:00 0 
7f45fc199000-7f45fcb58000 r--p 00000000 08:06 13376567                   /usr/lib/locale/locale-archive
7f45fcb58000-7f45fcb5b000 ---p 00000000 00:00 0 
7f45fcb5b000-7f45fcc59000 rw-p 00000000 00:00 0 
7f45fcc59000-7f45fcc5c000 ---p 00000000 00:00 0 
7f45fcc5c000-7f45fcd5a000 rw-p 00000000 00:00 0 
7f45fcd5a000-7f45fcd5b000 ---p 00000000 00:00 0 
7f45fcd5b000-7f45fddac000 rw-p 00000000 00:00 0 
7f45fddac000-7f45fdf85000 r--s 03d29000 08:06 3148334                    /opt/jdk1.8.0_101/jre/lib/rt.jar
7f45fdf85000-7f45fe67b000 rw-p 00000000 00:00 0 
7f45fe67b000-7f45fe7fb000 ---p 00000000 00:00 0 
7f45fe7fb000-7f46009fb000 rw-p 00000000 00:00 0 
7f46009fb000-7f46009fc000 ---p 00000000 00:00 0 
7f46009fc000-7f4600afc000 rw-p 00000000 00:00 0 
7f4600afc000-7f4600afd000 ---p 00000000 00:00 0 
7f4600afd000-7f4600bfd000 rw-p 00000000 00:00 0 
7f4600bfd000-7f4600bfe000 ---p 00000000 00:00 0 
7f4600bfe000-7f4600cfe000 rw-p 00000000 00:00 0 
7f4600cfe000-7f4600cff000 ---p 00000000 00:00 0 
7f4600cff000-7f4600e13000 rw-p 00000000 00:00 0 
7f4600e13000-7f4600f54000 ---p 00000000 00:00 0 
7f4600f54000-7f4600f75000 rw-p 00000000 00:00 0 
7f4600f75000-7f4600fff000 ---p 00000000 00:00 0 
7f4600fff000-7f4601000000 rw-p 00000000 00:00 0 
7f4601000000-7f4601680000 rwxp 00000000 00:00 0 
7f4601680000-7f4610000000 ---p 00000000 00:00 0 
7f4610000000-7f4610396000 rw-p 00000000 00:00 0 
7f4610396000-7f4614000000 ---p 00000000 00:00 0 
7f4614000000-7f4614077000 rw-p 00000000 00:00 0 
7f4614077000-7f46141b9000 ---p 00000000 00:00 0 
7f46141b9000-7f46141d3000 rw-p 00000000 00:00 0 
7f46141d3000-7f4614579000 ---p 00000000 00:00 0 
7f4614579000-7f4614593000 r-xp 00000000 08:06 5246349                    /opt/jdk1.8.0_101/jre/lib/amd64/libzip.so
7f4614593000-7f4614793000 ---p 0001a000 08:06 5246349                    /opt/jdk1.8.0_101/jre/lib/amd64/libzip.so
7f4614793000-7f4614794000 rw-p 0001a000 08:06 5246349                    /opt/jdk1.8.0_101/jre/lib/amd64/libzip.so
7f4614794000-7f461479f000 r-xp 00000000 08:06 12849692                   /lib/x86_64-linux-gnu/libnss_files-2.23.so
7f461479f000-7f461499e000 ---p 0000b000 08:06 12849692                   /lib/x86_64-linux-gnu/libnss_files-2.23.so
7f461499e000-7f461499f000 r--p 0000a000 08:06 12849692                   /lib/x86_64-linux-gnu/libnss_files-2.23.so
7f461499f000-7f46149a0000 rw-p 0000b000 08:06 12849692                   /lib/x86_64-linux-gnu/libnss_files-2.23.so
7f46149a0000-7f46149a6000 rw-p 00000000 00:00 0 
7f46149a6000-7f46149b1000 r-xp 00000000 08:06 12849702                   /lib/x86_64-linux-gnu/libnss_nis-2.23.so
7f46149b1000-7f4614bb0000 ---p 0000b000 08:06 12849702                   /lib/x86_64-linux-gnu/libnss_nis-2.23.so
7f4614bb0000-7f4614bb1000 r--p 0000a000 08:06 12849702                   /lib/x86_64-linux-gnu/libnss_nis-2.23.so
7f4614bb1000-7f4614bb2000 rw-p 0000b000 08:06 12849702                   /lib/x86_64-linux-gnu/libnss_nis-2.23.so
7f4614bb2000-7f4614bc8000 r-xp 00000000 08:06 12849686                   /lib/x86_64-linux-gnu/libnsl-2.23.so
7f4614bc8000-7f4614dc7000 ---p 00016000 08:06 12849686                   /lib/x86_64-linux-gnu/libnsl-2.23.so
7f4614dc7000-7f4614dc8000 r--p 00015000 08:06 12849686                   /lib/x86_64-linux-gnu/libnsl-2.23.so
7f4614dc8000-7f4614dc9000 rw-p 00016000 08:06 12849686                   /lib/x86_64-linux-gnu/libnsl-2.23.so
7f4614dc9000-7f4614dcb000 rw-p 00000000 00:00 0 
7f4614dcb000-7f4614dd3000 r-xp 00000000 08:06 12849688                   /lib/x86_64-linux-gnu/libnss_compat-2.23.so
7f4614dd3000-7f4614fd2000 ---p 00008000 08:06 12849688                   /lib/x86_64-linux-gnu/libnss_compat-2.23.so
7f4614fd2000-7f4614fd3000 r--p 00007000 08:06 12849688                   /lib/x86_64-linux-gnu/libnss_compat-2.23.so
7f4614fd3000-7f4614fd4000 rw-p 00008000 08:06 12849688                   /lib/x86_64-linux-gnu/libnss_compat-2.23.so
7f4614fd4000-7f4614ffe000 r-xp 00000000 08:06 5246375                    /opt/jdk1.8.0_101/jre/lib/amd64/libjava.so
7f4614ffe000-7f46151fe000 ---p 0002a000 08:06 5246375                    /opt/jdk1.8.0_101/jre/lib/amd64/libjava.so
7f46151fe000-7f4615200000 rw-p 0002a000 08:06 5246375                    /opt/jdk1.8.0_101/jre/lib/amd64/libjava.so
7f4615200000-7f461520d000 r-xp 00000000 08:06 5246329                    /opt/jdk1.8.0_101/jre/lib/amd64/libverify.so
7f461520d000-7f461540d000 ---p 0000d000 08:06 5246329                    /opt/jdk1.8.0_101/jre/lib/amd64/libverify.so
7f461540d000-7f461540f000 rw-p 0000d000 08:06 5246329                    /opt/jdk1.8.0_101/jre/lib/amd64/libverify.so
7f461540f000-7f4615416000 r-xp 00000000 08:06 12849747                   /lib/x86_64-linux-gnu/librt-2.23.so
7f4615416000-7f4615615000 ---p 00007000 08:06 12849747                   /lib/x86_64-linux-gnu/librt-2.23.so
7f4615615000-7f4615616000 r--p 00006000 08:06 12849747                   /lib/x86_64-linux-gnu/librt-2.23.so
7f4615616000-7f4615617000 rw-p 00007000 08:06 12849747                   /lib/x86_64-linux-gnu/librt-2.23.so
7f4615617000-7f461571f000 r-xp 00000000 08:06 12849663                   /lib/x86_64-linux-gnu/libm-2.23.so
7f461571f000-7f461591e000 ---p 00108000 08:06 12849663                   /lib/x86_64-linux-gnu/libm-2.23.so
7f461591e000-7f461591f000 r--p 00107000 08:06 12849663                   /lib/x86_64-linux-gnu/libm-2.23.so
7f461591f000-7f4615920000 rw-p 00108000 08:06 12849663                   /lib/x86_64-linux-gnu/libm-2.23.so
7f4615920000-7f46165eb000 r-xp 00000000 08:06 5383898                    /opt/jdk1.8.0_101/jre/lib/amd64/server/libjvm.so
7f46165eb000-7f46167ea000 ---p 00ccb000 08:06 5383898                    /opt/jdk1.8.0_101/jre/lib/amd64/server/libjvm.so
7f46167ea000-7f46168c3000 rw-p 00cca000 08:06 5383898                    /opt/jdk1.8.0_101/jre/lib/amd64/server/libjvm.so
7f46168c3000-7f461690e000 rw-p 00000000 00:00 0 
7f461690e000-7f4616ace000 r-xp 00000000 08:06 12849593                   /lib/x86_64-linux-gnu/libc-2.23.so
7f4616ace000-7f4616ccd000 ---p 001c0000 08:06 12849593                   /lib/x86_64-linux-gnu/libc-2.23.so
7f4616ccd000-7f4616cd1000 r--p 001bf000 08:06 12849593                   /lib/x86_64-linux-gnu/libc-2.23.so
7f4616cd1000-7f4616cd3000 rw-p 001c3000 08:06 12849593                   /lib/x86_64-linux-gnu/libc-2.23.so
7f4616cd3000-7f4616cd7000 rw-p 00000000 00:00 0 
7f4616cd7000-7f4616cda000 r-xp 00000000 08:06 12849617                   /lib/x86_64-linux-gnu/libdl-2.23.so
7f4616cda000-7f4616ed9000 ---p 00003000 08:06 12849617                   /lib/x86_64-linux-gnu/libdl-2.23.so
7f4616ed9000-7f4616eda000 r--p 00002000 08:06 12849617                   /lib/x86_64-linux-gnu/libdl-2.23.so
7f4616eda000-7f4616edb000 rw-p 00003000 08:06 12849617                   /lib/x86_64-linux-gnu/libdl-2.23.so
7f4616edb000-7f4616ef0000 r-xp 00000000 08:06 2625286                    /opt/jdk1.8.0_101/lib/amd64/jli/libjli.so
7f4616ef0000-7f46170f0000 ---p 00015000 08:06 2625286                    /opt/jdk1.8.0_101/lib/amd64/jli/libjli.so
7f46170f0000-7f46170f1000 rw-p 00015000 08:06 2625286                    /opt/jdk1.8.0_101/lib/amd64/jli/libjli.so
7f46170f1000-7f4617109000 r-xp 00000000 08:06 12849739                   /lib/x86_64-linux-gnu/libpthread-2.23.so
7f4617109000-7f4617308000 ---p 00018000 08:06 12849739                   /lib/x86_64-linux-gnu/libpthread-2.23.so
7f4617308000-7f4617309000 r--p 00017000 08:06 12849739                   /lib/x86_64-linux-gnu/libpthread-2.23.so
7f4617309000-7f461730a000 rw-p 00018000 08:06 12849739                   /lib/x86_64-linux-gnu/libpthread-2.23.so
7f461730a000-7f461730e000 rw-p 00000000 00:00 0 
7f461730e000-7f4617334000 r-xp 00000000 08:06 12849565                   /lib/x86_64-linux-gnu/ld-2.23.so
7f461733a000-7f461740c000 rw-p 00000000 00:00 0 
7f461740c000-7f461740f000 ---p 00000000 00:00 0 
7f461740f000-7f4617511000 rw-p 00000000 00:00 0 
7f4617513000-7f4617527000 rw-p 00000000 00:00 0 
7f4617527000-7f461752f000 rw-s 00000000 08:06 6296225                    /tmp/hsperfdata_root/27480
7f461752f000-7f4617530000 rw-p 00000000 00:00 0 
7f4617530000-7f4617531000 ---p 00000000 00:00 0 
7f4617531000-7f4617533000 rw-p 00000000 00:00 0 
7f4617533000-7f4617534000 r--p 00025000 08:06 12849565                   /lib/x86_64-linux-gnu/ld-2.23.so
7f4617534000-7f4617535000 rw-p 00026000 08:06 12849565                   /lib/x86_64-linux-gnu/ld-2.23.so
7f4617535000-7f4617536000 rw-p 00000000 00:00 0 
7fffa9f6d000-7fffa9f8e000 rw-p 00000000 00:00 0                          [stack]
7fffa9feb000-7fffa9fed000 r--p 00000000 00:00 0                          [vvar]
7fffa9fed000-7fffa9fef000 r-xp 00000000 00:00 0                          [vdso]
ffffffffff600000-ffffffffff601000 r-xp 00000000 00:00 0                  [vsyscall]

VM Arguments:
jvm_args: -Djava.awt.headless=true -Xmx1024M -Dfile.encoding=UTF-8 -Duser.country=RU -Duser.language=ru -Duser.variant 
java_command: com.android.dx.command.Main --dex --force-jumbo --num-threads=4 --output /root/AndroidStudioProjects/jaycane/app/build/intermediates/pre-dexed/debug/com.android.support-support-v4-24.1.1_56ae0c307edd4bbe1aea1e213cfc77dcc8eba7a1.jar /root/AndroidStudioProjects/jaycane/app/build/intermediates/exploded-aar/com.android.support/support-v4/24.1.1/jars/classes.jar
java_class_path (initial): /root/Android/Sdk/build-tools/24.0.1/lib/dx.jar
Launcher Type: SUN_STANDARD

Environment Variables:
PATH=/usr/local/sbin:/usr/local/bin:/usr/sbin:/usr/bin:/sbin:/bin
USERNAME=root
LD_LIBRARY_PATH=./bin:
SHELL=/bin/bash
DISPLAY=:0

Signal Handlers:
SIGSEGV: [libjvm.so+0xac4790], sa_mask[0]=11111111011111111101111111111110, sa_flags=SA_RESTART|SA_SIGINFO
SIGBUS: [libjvm.so+0xac4790], sa_mask[0]=11111111011111111101111111111110, sa_flags=SA_RESTART|SA_SIGINFO
SIGFPE: [libjvm.so+0x91f140], sa_mask[0]=11111111011111111101111111111110, sa_flags=SA_RESTART|SA_SIGINFO
SIGPIPE: [libjvm.so+0x91f140], sa_mask[0]=11111111011111111101111111111110, sa_flags=SA_RESTART|SA_SIGINFO
SIGXFSZ: [libjvm.so+0x91f140], sa_mask[0]=11111111011111111101111111111110, sa_flags=SA_RESTART|SA_SIGINFO
SIGILL: [libjvm.so+0x91f140], sa_mask[0]=11111111011111111101111111111110, sa_flags=SA_RESTART|SA_SIGINFO
SIGUSR1: SIG_DFL, sa_mask[0]=00000000000000000000000000000000, sa_flags=none
SIGUSR2: [libjvm.so+0x920770], sa_mask[0]=00100000000000000000000000000000, sa_flags=SA_RESTART|SA_SIGINFO
SIGHUP: [libjvm.so+0x921b70], sa_mask[0]=11111111011111111101111111111110, sa_flags=SA_RESTART|SA_SIGINFO
SIGINT: [libjvm.so+0x921b70], sa_mask[0]=11111111011111111101111111111110, sa_flags=SA_RESTART|SA_SIGINFO
SIGTERM: [libjvm.so+0x921b70], sa_mask[0]=11111111011111111101111111111110, sa_flags=SA_RESTART|SA_SIGINFO
SIGQUIT: [libjvm.so+0x921b70], sa_mask[0]=11111111011111111101111111111110, sa_flags=SA_RESTART|SA_SIGINFO


---------------  S Y S T E M  ---------------

OS:DISTRIB_ID=Ubuntu
DISTRIB_RELEASE=16.04
DISTRIB_CODENAME=xenial
DISTRIB_DESCRIPTION="Ubuntu 16.04 LTS"

uname:Linux 4.4.0-34-generic #53-Ubuntu SMP Wed Jul 27 16:06:39 UTC 2016 x86_64
libc:glibc 2.23 NPTL 2.23 
rlimit: STACK 8192k, CORE 0k, NPROC 15168, NOFILE 65536, AS infinity
load average:16,21 6,09 3,76

/proc/meminfo:
MemTotal:        3921628 kB
MemFree:          227188 kB
MemAvailable:     157540 kB
Buffers:            1196 kB
Cached:           426448 kB
SwapCached:        10856 kB
Active:          2447284 kB
Inactive:        1025156 kB
Active(anon):    2431960 kB
Inactive(anon):   988908 kB
Active(file):      15324 kB
Inactive(file):    36248 kB
Unevictable:          32 kB
Mlocked:              32 kB
SwapTotal:       3998716 kB
SwapFree:            140 kB
Dirty:               364 kB
Writeback:             0 kB
AnonPages:       3034680 kB
Mapped:           198524 kB
Shmem:            375776 kB
Slab:             108256 kB
SReclaimable:      49720 kB
SUnreclaim:        58536 kB
KernelStack:       14976 kB
PageTables:        52712 kB
NFS_Unstable:          0 kB
Bounce:                0 kB
WritebackTmp:          0 kB
CommitLimit:     5959528 kB
Committed_AS:   13560780 kB
VmallocTotal:   34359738367 kB
VmallocUsed:           0 kB
VmallocChunk:          0 kB
HardwareCorrupted:     0 kB
AnonHugePages:    661504 kB
CmaTotal:              0 kB
CmaFree:               0 kB
HugePages_Total:       0
HugePages_Free:        0
HugePages_Rsvd:        0
HugePages_Surp:        0
Hugepagesize:       2048 kB
DirectMap4k:      211572 kB
DirectMap2M:     3858432 kB


CPU:total 4 (2 cores per cpu, 2 threads per core) family 6 model 58 stepping 9, cmov, cx8, fxsr, mmx, sse, sse2, sse3, ssse3, sse4.1, sse4.2, popcnt, avx, aes, clmul, erms, ht, tsc, tscinvbit, tscinv

/proc/cpuinfo:
processor	: 0
vendor_id	: GenuineIntel
cpu family	: 6
model		: 58
model name	: Intel(R) Core(TM) i5-3210M CPU @ 2.50GHz
stepping	: 9
microcode	: 0x1c
cpu MHz		: 1277.929
cache size	: 3072 KB
physical id	: 0
siblings	: 4
core id		: 0
cpu cores	: 2
apicid		: 0
initial apicid	: 0
fpu		: yes
fpu_exception	: yes
cpuid level	: 13
wp		: yes
flags		: fpu vme de pse tsc msr pae mce cx8 apic sep mtrr pge mca cmov pat pse36 clflush dts acpi mmx fxsr sse sse2 ss ht tm pbe syscall nx rdtscp lm constant_tsc arch_perfmon pebs bts rep_good nopl xtopology nonstop_tsc aperfmperf eagerfpu pni pclmulqdq dtes64 monitor ds_cpl vmx est tm2 ssse3 cx16 xtpr pdcm pcid sse4_1 sse4_2 x2apic popcnt tsc_deadline_timer aes xsave avx f16c rdrand lahf_lm epb tpr_shadow vnmi flexpriority ept vpid fsgsbase smep erms xsaveopt dtherm ida arat pln pts
bugs		:
bogomips	: 4988.43
clflush size	: 64
cache_alignment	: 64
address sizes	: 36 bits physical, 48 bits virtual
power management:

processor	: 1
vendor_id	: GenuineIntel
cpu family	: 6
model		: 58
model name	: Intel(R) Core(TM) i5-3210M CPU @ 2.50GHz
stepping	: 9
microcode	: 0x1c
cpu MHz		: 1631.933
cache size	: 3072 KB
physical id	: 0
siblings	: 4
core id		: 0
cpu cores	: 2
apicid		: 1
initial apicid	: 1
fpu		: yes
fpu_exception	: yes
cpuid level	: 13
wp		: yes
flags		: fpu vme de pse tsc msr pae mce cx8 apic sep mtrr pge mca cmov pat pse36 clflush dts acpi mmx fxsr sse sse2 ss ht tm pbe syscall nx rdtscp lm constant_tsc arch_perfmon pebs bts rep_good nopl xtopology nonstop_tsc aperfmperf eagerfpu pni pclmulqdq dtes64 monitor ds_cpl vmx est tm2 ssse3 cx16 xtpr pdcm pcid sse4_1 sse4_2 x2apic popcnt tsc_deadline_timer aes xsave avx f16c rdrand lahf_lm epb tpr_shadow vnmi flexpriority ept vpid fsgsbase smep erms xsaveopt dtherm ida arat pln pts
bugs		:
bogomips	: 4988.43
clflush size	: 64
cache_alignment	: 64
address sizes	: 36 bits physical, 48 bits virtual
power management:

processor	: 2
vendor_id	: GenuineIntel
cpu family	: 6
model		: 58
model name	: Intel(R) Core(TM) i5-3210M CPU @ 2.50GHz
stepping	: 9
microcode	: 0x1c
cpu MHz		: 1330.175
cache size	: 3072 KB
physical id	: 0
siblings	: 4
core id		: 1
cpu cores	: 2
apicid		: 2
initial apicid	: 2
fpu		: yes
fpu_exception	: yes
cpuid level	: 13
wp		: yes
flags		: fpu vme de pse tsc msr pae mce cx8 apic sep mtrr pge mca cmov pat pse36 clflush dts acpi mmx fxsr sse sse2 ss ht tm pbe syscall nx rdtscp lm constant_tsc arch_perfmon pebs bts rep_good nopl xtopology nonstop_tsc aperfmperf eagerfpu pni pclmulqdq dtes64 monitor ds_cpl vmx est tm2 ssse3 cx16 xtpr pdcm pcid sse4_1 sse4_2 x2apic popcnt tsc_deadline_timer aes xsave avx f16c rdrand lahf_lm epb tpr_shadow vnmi flexpriority ept vpid fsgsbase smep erms xsaveopt dtherm ida arat pln pts
bugs		:
bogomips	: 4988.43
clflush size	: 64
cache_alignment	: 64
address sizes	: 36 bits physical, 48 bits virtual
power management:

processor	: 3
vendor_id	: GenuineIntel
cpu family	: 6
model		: 58
model name	: Intel(R) Core(TM) i5-3210M CPU @ 2.50GHz
stepping	: 9
microcode	: 0x1c
cpu MHz		: 1449.902
cache size	: 3072 KB
physical id	: 0
siblings	: 4
core id		: 1
cpu cores	: 2
apicid		: 3
initial apicid	: 3
fpu		: yes
fpu_exception	: yes
cpuid level	: 13
wp		: yes
flags		: fpu vme de pse tsc msr pae mce cx8 apic sep mtrr pge mca cmov pat pse36 clflush dts acpi mmx fxsr sse sse2 ss ht tm pbe syscall nx rdtscp lm constant_tsc arch_perfmon pebs bts rep_good nopl xtopology nonstop_tsc aperfmperf eagerfpu pni pclmulqdq dtes64 monitor ds_cpl vmx est tm2 ssse3 cx16 xtpr pdcm pcid sse4_1 sse4_2 x2apic popcnt tsc_deadline_timer aes xsave avx f16c rdrand lahf_lm epb tpr_shadow vnmi flexpriority ept vpid fsgsbase smep erms xsaveopt dtherm ida arat pln pts
bugs		:
bogomips	: 4988.43
clflush size	: 64
cache_alignment	: 64
address sizes	: 36 bits physical, 48 bits virtual
power management:



Memory: 4k page, physical 3921628k(227188k free), swap 3998716k(140k free)

vm_info: Java HotSpot(TM) 64-Bit Server VM (25.101-b13) for linux-amd64 JRE (1.8.0_101-b13), built on Jun 22 2016 02:59:44 by "java_re" with gcc 4.3.0 20080428 (Red Hat 4.3.0-8)

time: Fri Aug 26 08:36:56 2016
elapsed time: 37 seconds (0d 0h 0m 37s)

