#
# There is insufficient memory for the Java Runtime Environment to continue.
# Native memory allocation (mmap) failed to map 83886080 bytes for committing reserved memory.
# Possible reasons:
#   The system is out of physical RAM or swap space
#   In 32 bit mode, the process size limit was hit
# Possible solutions:
#   Reduce memory load on the system
#   Increase physical memory or swap space
#   Check if swap backing store is full
#   Use 64 bit Java on a 64 bit OS
#   Decrease Java heap size (-Xmx/-Xms)
#   Decrease number of Java threads
#   Decrease Java thread stack sizes (-Xss)
#   Set larger code cache with -XX:ReservedCodeCacheSize=
# This output file may be truncated or incomplete.
#
#  Out of Memory Error (os_linux.cpp:2627), pid=28176, tid=0x00007f56b57f7700
#
# JRE version: Java(TM) SE Runtime Environment (8.0_101-b13) (build 1.8.0_101-b13)
# Java VM: Java HotSpot(TM) 64-Bit Server VM (25.101-b13 mixed mode linux-amd64 compressed oops)
# Failed to write core dump. Core dumps have been disabled. To enable core dumping, try "ulimit -c unlimited" before starting Java again
#

---------------  T H R E A D  ---------------

Current thread (0x00007f56cc078000):  VMThread [stack: 0x00007f56b56f7000,0x00007f56b57f8000] [id=28202]

Stack: [0x00007f56b56f7000,0x00007f56b57f8000],  sp=0x00007f56b57f6120,  free space=1020k
Native frames: (J=compiled Java code, j=interpreted, Vv=VM code, C=native code)
V  [libjvm.so+0xac3f0a]  VMError::report_and_die()+0x2ba
V  [libjvm.so+0x4fbf9b]  report_vm_out_of_memory(char const*, int, unsigned long, VMErrorType, char const*)+0x8b
V  [libjvm.so+0x9222d3]  os::Linux::commit_memory_impl(char*, unsigned long, bool)+0x103
V  [libjvm.so+0x922829]  os::pd_commit_memory(char*, unsigned long, unsigned long, bool)+0x29
V  [libjvm.so+0x91cb2a]  os::commit_memory(char*, unsigned long, unsigned long, bool)+0x2a
V  [libjvm.so+0x991053]  PSVirtualSpace::expand_by(unsigned long)+0x53
V  [libjvm.so+0x992458]  PSYoungGen::resize_generation(unsigned long, unsigned long)+0xf8
V  [libjvm.so+0x9915b2]  PSYoungGen::resize(unsigned long, unsigned long)+0x22
V  [libjvm.so+0x98e88b]  PSScavenge::invoke_no_policy()+0xf3b
V  [libjvm.so+0x98f011]  PSScavenge::invoke()+0x41
V  [libjvm.so+0x945fc0]  ParallelScavengeHeap::failed_mem_allocate(unsigned long)+0x70
V  [libjvm.so+0xac5927]  VM_ParallelGCFailedAllocation::doit()+0x97
V  [libjvm.so+0xacd405]  VM_Operation::evaluate()+0x55
V  [libjvm.so+0xacb7da]  VMThread::evaluate_operation(VM_Operation*)+0xba
V  [libjvm.so+0xacbb5e]  VMThread::loop()+0x1ce
V  [libjvm.so+0xacbfd0]  VMThread::run()+0x70
V  [libjvm.so+0x924698]  java_start(Thread*)+0x108

VM_Operation (0x00007f56b4129e30): ParallelGCFailedAllocation, mode: safepoint, requested by thread 0x00007f56cc13f000


---------------  P R O C E S S  ---------------

Java Threads: ( => current thread )
  0x00007f56cc13f000 JavaThread "pool-1-thread-4" [_thread_blocked, id=28251, stack(0x00007f56b402b000,0x00007f56b412c000)]
  0x00007f56cc13d800 JavaThread "pool-1-thread-3" [_thread_blocked, id=28250, stack(0x00007f56b412c000,0x00007f56b422d000)]
  0x00007f56cc13c800 JavaThread "pool-1-thread-2" [_thread_blocked, id=28249, stack(0x00007f56b422d000,0x00007f56b432e000)]
  0x00007f56cc13a800 JavaThread "pool-2-thread-1" [_thread_blocked, id=28248, stack(0x00007f56b432e000,0x00007f56b442f000)]
  0x00007f56cc138800 JavaThread "pool-1-thread-1" [_thread_blocked, id=28247, stack(0x00007f56b442f000,0x00007f56b4530000)]
  0x00007f56cc0c0800 JavaThread "Service Thread" daemon [_thread_blocked, id=28210, stack(0x00007f56b4631000,0x00007f56b4732000)]
  0x00007f56cc0bd000 JavaThread "C1 CompilerThread2" daemon [_thread_blocked, id=28209, stack(0x00007f56b4732000,0x00007f56b4833000)]
  0x00007f56cc0bb800 JavaThread "C2 CompilerThread1" daemon [_thread_blocked, id=28208, stack(0x00007f56b4833000,0x00007f56b4934000)]
  0x00007f56cc0b8800 JavaThread "C2 CompilerThread0" daemon [_thread_blocked, id=28207, stack(0x00007f56b4934000,0x00007f56b4a35000)]
  0x00007f56cc0b7000 JavaThread "Signal Dispatcher" daemon [_thread_blocked, id=28206, stack(0x00007f56b4a35000,0x00007f56b4b36000)]
  0x00007f56cc084000 JavaThread "Finalizer" daemon [_thread_blocked, id=28205, stack(0x00007f56b54f5000,0x00007f56b55f6000)]
  0x00007f56cc07f800 JavaThread "Reference Handler" daemon [_thread_blocked, id=28204, stack(0x00007f56b55f6000,0x00007f56b56f7000)]
  0x00007f56cc00a000 JavaThread "main" [_thread_blocked, id=28178, stack(0x00007f56d3e42000,0x00007f56d3f43000)]

Other Threads:
=>0x00007f56cc078000 VMThread [stack: 0x00007f56b56f7000,0x00007f56b57f8000] [id=28202]
  0x00007f56cc0c3000 WatcherThread [stack: 0x00007f56b4530000,0x00007f56b4631000] [id=28238]

VM state:at safepoint (normal execution)

VM Mutex/Monitor currently owned by a thread:  ([mutex/lock_event])
[0x00007f56cc006410] Threads_lock - owner thread: 0x00007f56cc078000
[0x00007f56cc006910] Heap_lock - owner thread: 0x00007f56cc13f000

Heap:
 PSYoungGen      total 64000K, used 2535K [0x00000000eab00000, 0x00000000eec00000, 0x0000000100000000)
  eden space 61440K, 0% used [0x00000000eab00000,0x00000000eab00000,0x00000000ee700000)
  from space 2560K, 99% used [0x00000000ee700000,0x00000000ee979dc8,0x00000000ee980000)
  to   space 2560K, 0% used [0x00000000ee980000,0x00000000ee980000,0x00000000eec00000)
 ParOldGen       total 40960K, used 21295K [0x00000000c0000000, 0x00000000c2800000, 0x00000000eab00000)
  object space 40960K, 51% used [0x00000000c0000000,0x00000000c14cbe90,0x00000000c2800000)
 Metaspace       used 6016K, capacity 6960K, committed 7040K, reserved 1056768K
  class space    used 594K, capacity 616K, committed 640K, reserved 1048576K

Card table byte_map: [0x00007f56d09ee000,0x00007f56d0bef000] byte_map_base: 0x00007f56d03ee000

Marking Bits: (ParMarkBitMap*) 0x00007f56d3317120
 Begin Bits: [0x00007f56b6000000, 0x00007f56b7000000)
 End Bits:   [0x00007f56b7000000, 0x00007f56b8000000)

Polling page: 0x00007f56d3f66000

CodeCache: size=245760Kb used=4593Kb max_used=4593Kb free=241166Kb
 bounds [0x00007f56bd000000, 0x00007f56bd490000, 0x00007f56cc000000]
 total_blobs=1569 nmethods=1301 adapters=182
 compilation: enabled

Compilation events (10 events):
Event: 8,797 Thread 0x00007f56cc0bd000 nmethod 720 0x00007f56bd47b850 code [0x00007f56bd47b9a0, 0x00007f56bd47bab0]
Event: 8,797 Thread 0x00007f56cc0bd000 1544       2       com.android.dx.cf.code.LocalVariableList::concat (97 bytes)
Event: 8,827 Thread 0x00007f56cc0bd000 nmethod 1544 0x00007f56bd47bb10 code [0x00007f56bd47bd80, 0x00007f56bd47c988]
Event: 8,827 Thread 0x00007f56cc0bd000 1568       2       com.android.dx.ssa.back.FirstFitLocalCombiningAllocator::handleLocalAssociatedOther (151 bytes)
Event: 8,829 Thread 0x00007f56cc0bd000 nmethod 1568 0x00007f56bd47dad0 code [0x00007f56bd47dd00, 0x00007f56bd47e3b8]
Event: 8,829 Thread 0x00007f56cc0bd000 1572       2       com.android.dx.ssa.back.FirstFitLocalCombiningAllocator::handleLocalAssociatedParams (132 bytes)
Event: 8,830 Thread 0x00007f56cc0bd000 nmethod 1572 0x00007f56bd47eb90 code [0x00007f56bd47edc0, 0x00007f56bd47f3c8]
Event: 8,830 Thread 0x00007f56cc0bd000 1558       2       com.android.dx.ssa.SsaRenamer::<init> (100 bytes)
Event: 8,831 Thread 0x00007f56cc0bd000 nmethod 1558 0x00007f56bd47fad0 code [0x00007f56bd47fc60, 0x00007f56bd480188]
Event: 8,831 Thread 0x00007f56cc0bd000 1573       2       com.android.dx.ssa.back.FirstFitLocalCombiningAllocator::handleCheckCastResults (413 bytes)

GC Heap History (9 events):
Event: 3,495 GC heap before
{Heap before GC invocations=1 (full 0):
 PSYoungGen      total 17920K, used 15360K [0x00000000eab00000, 0x00000000ebf00000, 0x0000000100000000)
  eden space 15360K, 100% used [0x00000000eab00000,0x00000000eba00000,0x00000000eba00000)
  from space 2560K, 0% used [0x00000000ebc80000,0x00000000ebc80000,0x00000000ebf00000)
  to   space 2560K, 0% used [0x00000000eba00000,0x00000000eba00000,0x00000000ebc80000)
 ParOldGen       total 40960K, used 0K [0x00000000c0000000, 0x00000000c2800000, 0x00000000eab00000)
  object space 40960K, 0% used [0x00000000c0000000,0x00000000c0000000,0x00000000c2800000)
 Metaspace       used 5355K, capacity 6384K, committed 6528K, reserved 1056768K
  class space    used 585K, capacity 616K, committed 640K, reserved 1048576K
Event: 3,571 GC heap after
Heap after GC invocations=1 (full 0):
 PSYoungGen      total 17920K, used 2528K [0x00000000eab00000, 0x00000000ece00000, 0x0000000100000000)
  eden space 15360K, 0% used [0x00000000eab00000,0x00000000eab00000,0x00000000eba00000)
  from space 2560K, 98% used [0x00000000eba00000,0x00000000ebc78058,0x00000000ebc80000)
  to   space 2560K, 0% used [0x00000000ecb80000,0x00000000ecb80000,0x00000000ece00000)
 ParOldGen       total 40960K, used 716K [0x00000000c0000000, 0x00000000c2800000, 0x00000000eab00000)
  object space 40960K, 1% used [0x00000000c0000000,0x00000000c00b3230,0x00000000c2800000)
 Metaspace       used 5355K, capacity 6384K, committed 6528K, reserved 1056768K
  class space    used 585K, capacity 616K, committed 640K, reserved 1048576K
}
Event: 5,140 GC heap before
{Heap before GC invocations=2 (full 0):
 PSYoungGen      total 17920K, used 17888K [0x00000000eab00000, 0x00000000ece00000, 0x0000000100000000)
  eden space 15360K, 100% used [0x00000000eab00000,0x00000000eba00000,0x00000000eba00000)
  from space 2560K, 98% used [0x00000000eba00000,0x00000000ebc78058,0x00000000ebc80000)
  to   space 2560K, 0% used [0x00000000ecb80000,0x00000000ecb80000,0x00000000ece00000)
 ParOldGen       total 40960K, used 716K [0x00000000c0000000, 0x00000000c2800000, 0x00000000eab00000)
  object space 40960K, 1% used [0x00000000c0000000,0x00000000c00b3230,0x00000000c2800000)
 Metaspace       used 5793K, capacity 6768K, committed 7040K, reserved 1056768K
  class space    used 593K, capacity 616K, committed 640K, reserved 1048576K
Event: 5,166 GC heap after
Heap after GC invocations=2 (full 0):
 PSYoungGen      total 33280K, used 2552K [0x00000000eab00000, 0x00000000ece00000, 0x0000000100000000)
  eden space 30720K, 0% used [0x00000000eab00000,0x00000000eab00000,0x00000000ec900000)
  from space 2560K, 99% used [0x00000000ecb80000,0x00000000ecdfe3c8,0x00000000ece00000)
  to   space 2560K, 0% used [0x00000000ec900000,0x00000000ec900000,0x00000000ecb80000)
 ParOldGen       total 40960K, used 2484K [0x00000000c0000000, 0x00000000c2800000, 0x00000000eab00000)
  object space 40960K, 6% used [0x00000000c0000000,0x00000000c026d0d0,0x00000000c2800000)
 Metaspace       used 5793K, capacity 6768K, committed 7040K, reserved 1056768K
  class space    used 593K, capacity 616K, committed 640K, reserved 1048576K
}
Event: 6,563 GC heap before
{Heap before GC invocations=3 (full 0):
 PSYoungGen      total 33280K, used 33272K [0x00000000eab00000, 0x00000000ece00000, 0x0000000100000000)
  eden space 30720K, 100% used [0x00000000eab00000,0x00000000ec900000,0x00000000ec900000)
  from space 2560K, 99% used [0x00000000ecb80000,0x00000000ecdfe3c8,0x00000000ece00000)
  to   space 2560K, 0% used [0x00000000ec900000,0x00000000ec900000,0x00000000ecb80000)
 ParOldGen       total 40960K, used 2484K [0x00000000c0000000, 0x00000000c2800000, 0x00000000eab00000)
  object space 40960K, 6% used [0x00000000c0000000,0x00000000c026d0d0,0x00000000c2800000)
 Metaspace       used 5903K, capacity 6896K, committed 7040K, reserved 1056768K
  class space    used 593K, capacity 616K, committed 640K, reserved 1048576K
Event: 6,764 GC heap after
Heap after GC invocations=3 (full 0):
 PSYoungGen      total 33280K, used 2539K [0x00000000eab00000, 0x00000000eec00000, 0x0000000100000000)
  eden space 30720K, 0% used [0x00000000eab00000,0x00000000eab00000,0x00000000ec900000)
  from space 2560K, 99% used [0x00000000ec900000,0x00000000ecb7aec8,0x00000000ecb80000)
  to   space 2560K, 0% used [0x00000000ee980000,0x00000000ee980000,0x00000000eec00000)
 ParOldGen       total 40960K, used 7643K [0x00000000c0000000, 0x00000000c2800000, 0x00000000eab00000)
  object space 40960K, 18% used [0x00000000c0000000,0x00000000c0776d00,0x00000000c2800000)
 Metaspace       used 5903K, capacity 6896K, committed 7040K, reserved 1056768K
  class space    used 593K, capacity 616K, committed 640K, reserved 1048576K
}
Event: 7,570 GC heap before
{Heap before GC invocations=4 (full 0):
 PSYoungGen      total 33280K, used 33259K [0x00000000eab00000, 0x00000000eec00000, 0x0000000100000000)
  eden space 30720K, 100% used [0x00000000eab00000,0x00000000ec900000,0x00000000ec900000)
  from space 2560K, 99% used [0x00000000ec900000,0x00000000ecb7aec8,0x00000000ecb80000)
  to   space 2560K, 0% used [0x00000000ee980000,0x00000000ee980000,0x00000000eec00000)
 ParOldGen       total 40960K, used 7643K [0x00000000c0000000, 0x00000000c2800000, 0x00000000eab00000)
  object space 40960K, 18% used [0x00000000c0000000,0x00000000c0776d00,0x00000000c2800000)
 Metaspace       used 5926K, capacity 6896K, committed 7040K, reserved 1056768K
  class space    used 593K, capacity 616K, committed 640K, reserved 1048576K
Event: 7,704 GC heap after
Heap after GC invocations=4 (full 0):
 PSYoungGen      total 64000K, used 2553K [0x00000000eab00000, 0x00000000eec00000, 0x0000000100000000)
  eden space 61440K, 0% used [0x00000000eab00000,0x00000000eab00000,0x00000000ee700000)
  from space 2560K, 99% used [0x00000000ee980000,0x00000000eebfe788,0x00000000eec00000)
  to   space 2560K, 0% used [0x00000000ee700000,0x00000000ee700000,0x00000000ee980000)
 ParOldGen       total 40960K, used 12104K [0x00000000c0000000, 0x00000000c2800000, 0x00000000eab00000)
  object space 40960K, 29% used [0x00000000c0000000,0x00000000c0bd21a8,0x00000000c2800000)
 Metaspace       used 5926K, capacity 6896K, committed 7040K, reserved 1056768K
  class space    used 593K, capacity 616K, committed 640K, reserved 1048576K
}
Event: 8,880 GC heap before
{Heap before GC invocations=5 (full 0):
 PSYoungGen      total 64000K, used 63993K [0x00000000eab00000, 0x00000000eec00000, 0x0000000100000000)
  eden space 61440K, 100% used [0x00000000eab00000,0x00000000ee700000,0x00000000ee700000)
  from space 2560K, 99% used [0x00000000ee980000,0x00000000eebfe788,0x00000000eec00000)
  to   space 2560K, 0% used [0x00000000ee700000,0x00000000ee700000,0x00000000ee980000)
 ParOldGen       total 40960K, used 12104K [0x00000000c0000000, 0x00000000c2800000, 0x00000000eab00000)
  object space 40960K, 29% used [0x00000000c0000000,0x00000000c0bd21a8,0x00000000c2800000)
 Metaspace       used 6016K, capacity 6960K, committed 7040K, reserved 1056768K
  class space    used 594K, capacity 616K, committed 640K, reserved 1048576K

Deoptimization events (10 events):
Event: 1,536 Thread 0x00007f56cc00a000 Uncommon trap: reason=unstable_if action=reinterpret pc=0x00007f56bd159c98 method=java.lang.String.compareTo(Ljava/lang/String;)I @ 38
Event: 1,894 Thread 0x00007f56cc00a000 Uncommon trap: reason=unstable_if action=reinterpret pc=0x00007f56bd147948 method=java.lang.String.indexOf(II)I @ 49
Event: 3,690 Thread 0x00007f56cc13c800 Uncommon trap: reason=unstable_if action=reinterpret pc=0x00007f56bd1f72b4 method=java.util.HashMap.getNode(ILjava/lang/Object;)Ljava/util/HashMap$Node; @ 62
Event: 5,090 Thread 0x00007f56cc13c800 Uncommon trap: reason=unstable_if action=reinterpret pc=0x00007f56bd272500 method=com.android.dx.rop.code.RegisterSpec.equals(ILcom/android/dx/rop/type/TypeBearer;Lcom/android/dx/rop/code/LocalItem;)Z @ 42
Event: 5,595 Thread 0x00007f56cc00a000 Uncommon trap: reason=null_check action=make_not_entrant pc=0x00007f56bd2b8c6c method=com.android.dx.ssa.SsaRenamer.getLocalForNewReg(I)Lcom/android/dx/rop/code/LocalItem; @ 19
Event: 5,732 Thread 0x00007f56cc00a000 Uncommon trap: reason=unstable_if action=reinterpret pc=0x00007f56bd219504 method=java.lang.String.<init>([CII)V @ 18
Event: 6,766 Thread 0x00007f56cc00a000 Uncommon trap: reason=unstable_if action=reinterpret pc=0x00007f56bd209e5c method=com.android.dx.rop.cst.Constant.compareTo(Lcom/android/dx/rop/cst/Constant;)I @ 12
Event: 6,983 Thread 0x00007f56cc00a000 Uncommon trap: reason=unstable_if action=reinterpret pc=0x00007f56bd1dec68 method=java.lang.String.<init>([CII)V @ 18
Event: 7,904 Thread 0x00007f56cc13d800 Uncommon trap: reason=unstable_if action=reinterpret pc=0x00007f56bd3482c4 method=com.android.dx.util.IntList.binarysearch(I)I @ 105
Event: 7,946 Thread 0x00007f56cc00a000 Uncommon trap: reason=unstable_if action=reinterpret pc=0x00007f56bd2f6abc method=com.android.dx.ssa.SsaMethod.updateOneDefinition(Lcom/android/dx/ssa/SsaInsn;Lcom/android/dx/rop/code/RegisterSpec;)V @ 4

Internal exceptions (3 events):
Event: 0,091 Thread 0x00007f56cc00a000 Exception <a 'java/lang/NoSuchMethodError': Method sun.misc.Unsafe.defineClass(Ljava/lang/String;[BII)Ljava/lang/Class; name or signature does not match> (0x00000000eab07cc0) thrown at [/HUDSON3/workspace/8-2-build-linux-amd64/jdk8u101/7261/hotspot/src/sh
Event: 0,091 Thread 0x00007f56cc00a000 Exception <a 'java/lang/NoSuchMethodError': Method sun.misc.Unsafe.prefetchRead(Ljava/lang/Object;J)V name or signature does not match> (0x00000000eab07fa8) thrown at [/HUDSON3/workspace/8-2-build-linux-amd64/jdk8u101/7261/hotspot/src/share/vm/prims/jni.c
Event: 5,595 Thread 0x00007f56cc00a000 Implicit null exception at 0x00007f56bd2b5ddd to 0x00007f56bd2b8c29

Events (10 events):
Event: 8,385 Thread 0x00007f56cc00a000 DEOPT UNPACKING pc=0x00007f56bd047633 sp=0x00007f56d3f40720 mode 0
Event: 8,658 Thread 0x00007f56cc00a000 DEOPT PACKING pc=0x00007f56bd35f010 sp=0x00007f56d3f40940
Event: 8,658 Thread 0x00007f56cc00a000 DEOPT UNPACKING pc=0x00007f56bd047633 sp=0x00007f56d3f40670 mode 0
Event: 8,742 Thread 0x00007f56cc13d800 DEOPT PACKING pc=0x00007f56bd35ccaf sp=0x00007f56b422b1c0
Event: 8,742 Thread 0x00007f56cc13d800 DEOPT UNPACKING pc=0x00007f56bd047633 sp=0x00007f56b422af98 mode 0
Event: 8,757 Thread 0x00007f56cc13f000 DEOPT PACKING pc=0x00007f56bd39586b sp=0x00007f56b412a000
Event: 8,757 Thread 0x00007f56cc13f000 DEOPT UNPACKING pc=0x00007f56bd047633 sp=0x00007f56b4129d40 mode 0
Event: 8,857 Thread 0x00007f56cc138800 DEOPT PACKING pc=0x00007f56bd388d68 sp=0x00007f56b452df80
Event: 8,857 Thread 0x00007f56cc138800 DEOPT UNPACKING pc=0x00007f56bd047633 sp=0x00007f56b452dce8 mode 0
Event: 8,868 Executing VM operation: ParallelGCFailedAllocation


Dynamic libraries:
00400000-00401000 r-xp 00000000 08:06 2888022                            /opt/jdk1.8.0_101/bin/java
00600000-00601000 rw-p 00000000 08:06 2888022                            /opt/jdk1.8.0_101/bin/java
01e78000-01e99000 rw-p 00000000 00:00 0                                  [heap]
c0000000-c2800000 rw-p 00000000 00:00 0 
c2800000-eab00000 ---p 00000000 00:00 0 
eab00000-eec00000 rw-p 00000000 00:00 0 
f3c00000-100000000 ---p 00000000 00:00 0 
100000000-1000a0000 rw-p 00000000 00:00 0 
1000a0000-140000000 ---p 00000000 00:00 0 
7f5670000000-7f5670021000 rw-p 00000000 00:00 0 
7f5670021000-7f5674000000 ---p 00000000 00:00 0 
7f5674000000-7f5674021000 rw-p 00000000 00:00 0 
7f5674021000-7f5678000000 ---p 00000000 00:00 0 
7f5678000000-7f5678021000 rw-p 00000000 00:00 0 
7f5678021000-7f567c000000 ---p 00000000 00:00 0 
7f567c000000-7f567c021000 rw-p 00000000 00:00 0 
7f567c021000-7f5680000000 ---p 00000000 00:00 0 
7f5680000000-7f5680021000 rw-p 00000000 00:00 0 
7f5680021000-7f5684000000 ---p 00000000 00:00 0 
7f5684000000-7f568403a000 rw-p 00000000 00:00 0 
7f568403a000-7f5688000000 ---p 00000000 00:00 0 
7f5688000000-7f568860a000 rw-p 00000000 00:00 0 
7f568860a000-7f568c000000 ---p 00000000 00:00 0 
7f568c000000-7f568c021000 rw-p 00000000 00:00 0 
7f568c021000-7f5690000000 ---p 00000000 00:00 0 
7f5690000000-7f569040a000 rw-p 00000000 00:00 0 
7f569040a000-7f5694000000 ---p 00000000 00:00 0 
7f5694000000-7f569449c000 rw-p 00000000 00:00 0 
7f569449c000-7f5698000000 ---p 00000000 00:00 0 
7f5698000000-7f5698021000 rw-p 00000000 00:00 0 
7f5698021000-7f569c000000 ---p 00000000 00:00 0 
7f569c000000-7f569c021000 rw-p 00000000 00:00 0 
7f569c021000-7f56a0000000 ---p 00000000 00:00 0 
7f56a0000000-7f56a0291000 rw-p 00000000 00:00 0 
7f56a0291000-7f56a4000000 ---p 00000000 00:00 0 
7f56a4000000-7f56a4021000 rw-p 00000000 00:00 0 
7f56a4021000-7f56a8000000 ---p 00000000 00:00 0 
7f56a8000000-7f56a8021000 rw-p 00000000 00:00 0 
7f56a8021000-7f56ac000000 ---p 00000000 00:00 0 
7f56ac000000-7f56ac021000 rw-p 00000000 00:00 0 
7f56ac021000-7f56b0000000 ---p 00000000 00:00 0 
7f56b0000000-7f56b0021000 rw-p 00000000 00:00 0 
7f56b0021000-7f56b4000000 ---p 00000000 00:00 0 
7f56b402b000-7f56b402e000 ---p 00000000 00:00 0 
7f56b402e000-7f56b412c000 rw-p 00000000 00:00 0 
7f56b412c000-7f56b412f000 ---p 00000000 00:00 0 
7f56b412f000-7f56b422d000 rw-p 00000000 00:00 0 
7f56b422d000-7f56b4230000 ---p 00000000 00:00 0 
7f56b4230000-7f56b432e000 rw-p 00000000 00:00 0 
7f56b432e000-7f56b4331000 ---p 00000000 00:00 0 
7f56b4331000-7f56b442f000 rw-p 00000000 00:00 0 
7f56b442f000-7f56b4432000 ---p 00000000 00:00 0 
7f56b4432000-7f56b4530000 rw-p 00000000 00:00 0 
7f56b4530000-7f56b4531000 ---p 00000000 00:00 0 
7f56b4531000-7f56b4631000 rw-p 00000000 00:00 0 
7f56b4631000-7f56b4634000 ---p 00000000 00:00 0 
7f56b4634000-7f56b4732000 rw-p 00000000 00:00 0 
7f56b4732000-7f56b4735000 ---p 00000000 00:00 0 
7f56b4735000-7f56b4833000 rw-p 00000000 00:00 0 
7f56b4833000-7f56b4836000 ---p 00000000 00:00 0 
7f56b4836000-7f56b4934000 rw-p 00000000 00:00 0 
7f56b4934000-7f56b4937000 ---p 00000000 00:00 0 
7f56b4937000-7f56b4a35000 rw-p 00000000 00:00 0 
7f56b4a35000-7f56b4a38000 ---p 00000000 00:00 0 
7f56b4a38000-7f56b4b36000 rw-p 00000000 00:00 0 
7f56b4b36000-7f56b54f5000 r--p 00000000 08:06 13376567                   /usr/lib/locale/locale-archive
7f56b54f5000-7f56b54f8000 ---p 00000000 00:00 0 
7f56b54f8000-7f56b55f6000 rw-p 00000000 00:00 0 
7f56b55f6000-7f56b55f9000 ---p 00000000 00:00 0 
7f56b55f9000-7f56b56f7000 rw-p 00000000 00:00 0 
7f56b56f7000-7f56b56f8000 ---p 00000000 00:00 0 
7f56b56f8000-7f56b8000000 rw-p 00000000 00:00 0 
7f56b8000000-7f56b8021000 rw-p 00000000 00:00 0 
7f56b8021000-7f56bc000000 ---p 00000000 00:00 0 
7f56bc048000-7f56bc04f000 r--s 00000000 08:06 134313                     /usr/lib/x86_64-linux-gnu/gconv/gconv-modules.cache
7f56bc04f000-7f56bc07e000 r--p 00000000 08:06 1579226                    /usr/share/locale-langpack/ru/LC_MESSAGES/libc.mo
7f56bc07e000-7f56bc088000 r--s 00097000 08:06 4198987                    /root/AndroidStudioProjects/jaycane/app/build/intermediates/exploded-aar/com.android.support/appcompat-v7/24.1.1/jars/classes.jar
7f56bc088000-7f56bc096000 r--s 000e0000 08:06 2756276                    /root/Android/Sdk/build-tools/24.0.1/lib/dx.jar
7f56bc096000-7f56bce40000 rw-p 00000000 00:00 0 
7f56bce40000-7f56bd000000 ---p 00000000 00:00 0 
7f56bd000000-7f56bd490000 rwxp 00000000 00:00 0 
7f56bd490000-7f56cc000000 ---p 00000000 00:00 0 
7f56cc000000-7f56cc38e000 rw-p 00000000 00:00 0 
7f56cc38e000-7f56d0000000 ---p 00000000 00:00 0 
7f56d0003000-7f56d0045000 rw-p 00000000 00:00 0 
7f56d0045000-7f56d021e000 r--s 03d29000 08:06 3148334                    /opt/jdk1.8.0_101/jre/lib/rt.jar
7f56d021e000-7f56d0494000 rw-p 00000000 00:00 0 
7f56d0494000-7f56d0495000 ---p 00000000 00:00 0 
7f56d0495000-7f56d0595000 rw-p 00000000 00:00 0 
7f56d0595000-7f56d0596000 ---p 00000000 00:00 0 
7f56d0596000-7f56d0696000 rw-p 00000000 00:00 0 
7f56d0696000-7f56d0697000 ---p 00000000 00:00 0 
7f56d0697000-7f56d0797000 rw-p 00000000 00:00 0 
7f56d0797000-7f56d0798000 ---p 00000000 00:00 0 
7f56d0798000-7f56d08ac000 rw-p 00000000 00:00 0 
7f56d08ac000-7f56d09ee000 ---p 00000000 00:00 0 
7f56d09ee000-7f56d0a02000 rw-p 00000000 00:00 0 
7f56d0a02000-7f56d0b43000 ---p 00000000 00:00 0 
7f56d0b43000-7f56d0b64000 rw-p 00000000 00:00 0 
7f56d0b64000-7f56d0bee000 ---p 00000000 00:00 0 
7f56d0bee000-7f56d0c02000 rw-p 00000000 00:00 0 
7f56d0c02000-7f56d0faf000 ---p 00000000 00:00 0 
7f56d0faf000-7f56d0fc9000 r-xp 00000000 08:06 5246349                    /opt/jdk1.8.0_101/jre/lib/amd64/libzip.so
7f56d0fc9000-7f56d11c9000 ---p 0001a000 08:06 5246349                    /opt/jdk1.8.0_101/jre/lib/amd64/libzip.so
7f56d11c9000-7f56d11ca000 rw-p 0001a000 08:06 5246349                    /opt/jdk1.8.0_101/jre/lib/amd64/libzip.so
7f56d11ca000-7f56d11d5000 r-xp 00000000 08:06 12849692                   /lib/x86_64-linux-gnu/libnss_files-2.23.so
7f56d11d5000-7f56d13d4000 ---p 0000b000 08:06 12849692                   /lib/x86_64-linux-gnu/libnss_files-2.23.so
7f56d13d4000-7f56d13d5000 r--p 0000a000 08:06 12849692                   /lib/x86_64-linux-gnu/libnss_files-2.23.so
7f56d13d5000-7f56d13d6000 rw-p 0000b000 08:06 12849692                   /lib/x86_64-linux-gnu/libnss_files-2.23.so
7f56d13d6000-7f56d13dc000 rw-p 00000000 00:00 0 
7f56d13dc000-7f56d13e7000 r-xp 00000000 08:06 12849702                   /lib/x86_64-linux-gnu/libnss_nis-2.23.so
7f56d13e7000-7f56d15e6000 ---p 0000b000 08:06 12849702                   /lib/x86_64-linux-gnu/libnss_nis-2.23.so
7f56d15e6000-7f56d15e7000 r--p 0000a000 08:06 12849702                   /lib/x86_64-linux-gnu/libnss_nis-2.23.so
7f56d15e7000-7f56d15e8000 rw-p 0000b000 08:06 12849702                   /lib/x86_64-linux-gnu/libnss_nis-2.23.so
7f56d15e8000-7f56d15fe000 r-xp 00000000 08:06 12849686                   /lib/x86_64-linux-gnu/libnsl-2.23.so
7f56d15fe000-7f56d17fd000 ---p 00016000 08:06 12849686                   /lib/x86_64-linux-gnu/libnsl-2.23.so
7f56d17fd000-7f56d17fe000 r--p 00015000 08:06 12849686                   /lib/x86_64-linux-gnu/libnsl-2.23.so
7f56d17fe000-7f56d17ff000 rw-p 00016000 08:06 12849686                   /lib/x86_64-linux-gnu/libnsl-2.23.so
7f56d17ff000-7f56d1801000 rw-p 00000000 00:00 0 
7f56d1801000-7f56d1809000 r-xp 00000000 08:06 12849688                   /lib/x86_64-linux-gnu/libnss_compat-2.23.so
7f56d1809000-7f56d1a08000 ---p 00008000 08:06 12849688                   /lib/x86_64-linux-gnu/libnss_compat-2.23.so
7f56d1a08000-7f56d1a09000 r--p 00007000 08:06 12849688                   /lib/x86_64-linux-gnu/libnss_compat-2.23.so
7f56d1a09000-7f56d1a0a000 rw-p 00008000 08:06 12849688                   /lib/x86_64-linux-gnu/libnss_compat-2.23.so
7f56d1a0a000-7f56d1a34000 r-xp 00000000 08:06 5246375                    /opt/jdk1.8.0_101/jre/lib/amd64/libjava.so
7f56d1a34000-7f56d1c34000 ---p 0002a000 08:06 5246375                    /opt/jdk1.8.0_101/jre/lib/amd64/libjava.so
7f56d1c34000-7f56d1c36000 rw-p 0002a000 08:06 5246375                    /opt/jdk1.8.0_101/jre/lib/amd64/libjava.so
7f56d1c36000-7f56d1c43000 r-xp 00000000 08:06 5246329                    /opt/jdk1.8.0_101/jre/lib/amd64/libverify.so
7f56d1c43000-7f56d1e43000 ---p 0000d000 08:06 5246329                    /opt/jdk1.8.0_101/jre/lib/amd64/libverify.so
7f56d1e43000-7f56d1e45000 rw-p 0000d000 08:06 5246329                    /opt/jdk1.8.0_101/jre/lib/amd64/libverify.so
7f56d1e45000-7f56d1e4c000 r-xp 00000000 08:06 12849747                   /lib/x86_64-linux-gnu/librt-2.23.so
7f56d1e4c000-7f56d204b000 ---p 00007000 08:06 12849747                   /lib/x86_64-linux-gnu/librt-2.23.so
7f56d204b000-7f56d204c000 r--p 00006000 08:06 12849747                   /lib/x86_64-linux-gnu/librt-2.23.so
7f56d204c000-7f56d204d000 rw-p 00007000 08:06 12849747                   /lib/x86_64-linux-gnu/librt-2.23.so
7f56d204d000-7f56d2155000 r-xp 00000000 08:06 12849663                   /lib/x86_64-linux-gnu/libm-2.23.so
7f56d2155000-7f56d2354000 ---p 00108000 08:06 12849663                   /lib/x86_64-linux-gnu/libm-2.23.so
7f56d2354000-7f56d2355000 r--p 00107000 08:06 12849663                   /lib/x86_64-linux-gnu/libm-2.23.so
7f56d2355000-7f56d2356000 rw-p 00108000 08:06 12849663                   /lib/x86_64-linux-gnu/libm-2.23.so
7f56d2356000-7f56d3021000 r-xp 00000000 08:06 5383898                    /opt/jdk1.8.0_101/jre/lib/amd64/server/libjvm.so
7f56d3021000-7f56d3220000 ---p 00ccb000 08:06 5383898                    /opt/jdk1.8.0_101/jre/lib/amd64/server/libjvm.so
7f56d3220000-7f56d32f9000 rw-p 00cca000 08:06 5383898                    /opt/jdk1.8.0_101/jre/lib/amd64/server/libjvm.so
7f56d32f9000-7f56d3344000 rw-p 00000000 00:00 0 
7f56d3344000-7f56d3504000 r-xp 00000000 08:06 12849593                   /lib/x86_64-linux-gnu/libc-2.23.so
7f56d3504000-7f56d3703000 ---p 001c0000 08:06 12849593                   /lib/x86_64-linux-gnu/libc-2.23.so
7f56d3703000-7f56d3707000 r--p 001bf000 08:06 12849593                   /lib/x86_64-linux-gnu/libc-2.23.so
7f56d3707000-7f56d3709000 rw-p 001c3000 08:06 12849593                   /lib/x86_64-linux-gnu/libc-2.23.so
7f56d3709000-7f56d370d000 rw-p 00000000 00:00 0 
7f56d370d000-7f56d3710000 r-xp 00000000 08:06 12849617                   /lib/x86_64-linux-gnu/libdl-2.23.so
7f56d3710000-7f56d390f000 ---p 00003000 08:06 12849617                   /lib/x86_64-linux-gnu/libdl-2.23.so
7f56d390f000-7f56d3910000 r--p 00002000 08:06 12849617                   /lib/x86_64-linux-gnu/libdl-2.23.so
7f56d3910000-7f56d3911000 rw-p 00003000 08:06 12849617                   /lib/x86_64-linux-gnu/libdl-2.23.so
7f56d3911000-7f56d3926000 r-xp 00000000 08:06 2625286                    /opt/jdk1.8.0_101/lib/amd64/jli/libjli.so
7f56d3926000-7f56d3b26000 ---p 00015000 08:06 2625286                    /opt/jdk1.8.0_101/lib/amd64/jli/libjli.so
7f56d3b26000-7f56d3b27000 rw-p 00015000 08:06 2625286                    /opt/jdk1.8.0_101/lib/amd64/jli/libjli.so
7f56d3b27000-7f56d3b3f000 r-xp 00000000 08:06 12849739                   /lib/x86_64-linux-gnu/libpthread-2.23.so
7f56d3b3f000-7f56d3d3e000 ---p 00018000 08:06 12849739                   /lib/x86_64-linux-gnu/libpthread-2.23.so
7f56d3d3e000-7f56d3d3f000 r--p 00017000 08:06 12849739                   /lib/x86_64-linux-gnu/libpthread-2.23.so
7f56d3d3f000-7f56d3d40000 rw-p 00018000 08:06 12849739                   /lib/x86_64-linux-gnu/libpthread-2.23.so
7f56d3d40000-7f56d3d44000 rw-p 00000000 00:00 0 
7f56d3d44000-7f56d3d6a000 r-xp 00000000 08:06 12849565                   /lib/x86_64-linux-gnu/ld-2.23.so
7f56d3d70000-7f56d3e42000 rw-p 00000000 00:00 0 
7f56d3e42000-7f56d3e45000 ---p 00000000 00:00 0 
7f56d3e45000-7f56d3f47000 rw-p 00000000 00:00 0 
7f56d3f49000-7f56d3f5d000 rw-p 00000000 00:00 0 
7f56d3f5d000-7f56d3f65000 rw-s 00000000 08:06 6296228                    /tmp/hsperfdata_root/28176
7f56d3f65000-7f56d3f66000 rw-p 00000000 00:00 0 
7f56d3f66000-7f56d3f67000 ---p 00000000 00:00 0 
7f56d3f67000-7f56d3f69000 rw-p 00000000 00:00 0 
7f56d3f69000-7f56d3f6a000 r--p 00025000 08:06 12849565                   /lib/x86_64-linux-gnu/ld-2.23.so
7f56d3f6a000-7f56d3f6b000 rw-p 00026000 08:06 12849565                   /lib/x86_64-linux-gnu/ld-2.23.so
7f56d3f6b000-7f56d3f6c000 rw-p 00000000 00:00 0 
7fff4e1d6000-7fff4e1f7000 rw-p 00000000 00:00 0                          [stack]
7fff4e1f9000-7fff4e1fb000 r--p 00000000 00:00 0                          [vvar]
7fff4e1fb000-7fff4e1fd000 r-xp 00000000 00:00 0                          [vdso]
ffffffffff600000-ffffffffff601000 r-xp 00000000 00:00 0                  [vsyscall]

VM Arguments:
jvm_args: -Djava.awt.headless=true -Xmx1024M -Dfile.encoding=UTF-8 -Duser.country=RU -Duser.language=ru -Duser.variant 
java_command: com.android.dx.command.Main --dex --force-jumbo --num-threads=4 --output /root/AndroidStudioProjects/jaycane/app/build/intermediates/pre-dexed/debug/com.android.support-appcompat-v7-24.1.1_25dfc5c1de1b1c24812d2b2c16bfad8424b98ccb.jar /root/AndroidStudioProjects/jaycane/app/build/intermediates/exploded-aar/com.android.support/appcompat-v7/24.1.1/jars/classes.jar
java_class_path (initial): /root/Android/Sdk/build-tools/24.0.1/lib/dx.jar
Launcher Type: SUN_STANDARD

Environment Variables:
PATH=/usr/local/sbin:/usr/local/bin:/usr/sbin:/usr/bin:/sbin:/bin
USERNAME=root
LD_LIBRARY_PATH=./bin:
SHELL=/bin/bash
DISPLAY=:0

Signal Handlers:
SIGSEGV: [libjvm.so+0xac4790], sa_mask[0]=11111111011111111101111111111110, sa_flags=SA_RESTART|SA_SIGINFO
SIGBUS: [libjvm.so+0xac4790], sa_mask[0]=11111111011111111101111111111110, sa_flags=SA_RESTART|SA_SIGINFO
SIGFPE: [libjvm.so+0x91f140], sa_mask[0]=11111111011111111101111111111110, sa_flags=SA_RESTART|SA_SIGINFO
SIGPIPE: [libjvm.so+0x91f140], sa_mask[0]=11111111011111111101111111111110, sa_flags=SA_RESTART|SA_SIGINFO
SIGXFSZ: [libjvm.so+0x91f140], sa_mask[0]=11111111011111111101111111111110, sa_flags=SA_RESTART|SA_SIGINFO
SIGILL: [libjvm.so+0x91f140], sa_mask[0]=11111111011111111101111111111110, sa_flags=SA_RESTART|SA_SIGINFO
SIGUSR1: SIG_DFL, sa_mask[0]=00000000000000000000000000000000, sa_flags=none
SIGUSR2: [libjvm.so+0x920770], sa_mask[0]=00100000000000000000000000000000, sa_flags=SA_RESTART|SA_SIGINFO
SIGHUP: [libjvm.so+0x921b70], sa_mask[0]=11111111011111111101111111111110, sa_flags=SA_RESTART|SA_SIGINFO
SIGINT: [libjvm.so+0x921b70], sa_mask[0]=11111111011111111101111111111110, sa_flags=SA_RESTART|SA_SIGINFO
SIGTERM: [libjvm.so+0x921b70], sa_mask[0]=11111111011111111101111111111110, sa_flags=SA_RESTART|SA_SIGINFO
SIGQUIT: [libjvm.so+0x921b70], sa_mask[0]=11111111011111111101111111111110, sa_flags=SA_RESTART|SA_SIGINFO


---------------  S Y S T E M  ---------------

OS:DISTRIB_ID=Ubuntu
DISTRIB_RELEASE=16.04
DISTRIB_CODENAME=xenial
DISTRIB_DESCRIPTION="Ubuntu 16.04 LTS"

uname:Linux 4.4.0-34-generic #53-Ubuntu SMP Wed Jul 27 16:06:39 UTC 2016 x86_64
libc:glibc 2.23 NPTL 2.23 
rlimit: STACK 8192k, CORE 0k, NPROC 15168, NOFILE 65536, AS infinity
load average:49,93 19,13 9,11

/proc/meminfo:
MemTotal:        3921628 kB
MemFree:          330000 kB
MemAvailable:     260392 kB
Buffers:            1376 kB
Cached:           438056 kB
SwapCached:         7536 kB
Active:          2340052 kB
Inactive:        1031376 kB
Active(anon):    2329704 kB
Inactive(anon):   989788 kB
Active(file):      10348 kB
Inactive(file):    41588 kB
Unevictable:          32 kB
Mlocked:              32 kB
SwapTotal:       3998716 kB
SwapFree:             24 kB
Dirty:                68 kB
Writeback:             0 kB
AnonPages:       2925384 kB
Mapped:           180244 kB
Shmem:            386932 kB
Slab:             107876 kB
SReclaimable:      49436 kB
SUnreclaim:        58440 kB
KernelStack:       14480 kB
PageTables:        52268 kB
NFS_Unstable:          0 kB
Bounce:                0 kB
WritebackTmp:          0 kB
CommitLimit:     5959528 kB
Committed_AS:   13434724 kB
VmallocTotal:   34359738367 kB
VmallocUsed:           0 kB
VmallocChunk:          0 kB
HardwareCorrupted:     0 kB
AnonHugePages:    645120 kB
CmaTotal:              0 kB
CmaFree:               0 kB
HugePages_Total:       0
HugePages_Free:        0
HugePages_Rsvd:        0
HugePages_Surp:        0
Hugepagesize:       2048 kB
DirectMap4k:      211572 kB
DirectMap2M:     3858432 kB


CPU:total 4 (2 cores per cpu, 2 threads per core) family 6 model 58 stepping 9, cmov, cx8, fxsr, mmx, sse, sse2, sse3, ssse3, sse4.1, sse4.2, popcnt, avx, aes, clmul, erms, ht, tsc, tscinvbit, tscinv

/proc/cpuinfo:
processor	: 0
vendor_id	: GenuineIntel
cpu family	: 6
model		: 58
model name	: Intel(R) Core(TM) i5-3210M CPU @ 2.50GHz
stepping	: 9
microcode	: 0x1c
cpu MHz		: 1258.691
cache size	: 3072 KB
physical id	: 0
siblings	: 4
core id		: 0
cpu cores	: 2
apicid		: 0
initial apicid	: 0
fpu		: yes
fpu_exception	: yes
cpuid level	: 13
wp		: yes
flags		: fpu vme de pse tsc msr pae mce cx8 apic sep mtrr pge mca cmov pat pse36 clflush dts acpi mmx fxsr sse sse2 ss ht tm pbe syscall nx rdtscp lm constant_tsc arch_perfmon pebs bts rep_good nopl xtopology nonstop_tsc aperfmperf eagerfpu pni pclmulqdq dtes64 monitor ds_cpl vmx est tm2 ssse3 cx16 xtpr pdcm pcid sse4_1 sse4_2 x2apic popcnt tsc_deadline_timer aes xsave avx f16c rdrand lahf_lm epb tpr_shadow vnmi flexpriority ept vpid fsgsbase smep erms xsaveopt dtherm ida arat pln pts
bugs		:
bogomips	: 4988.43
clflush size	: 64
cache_alignment	: 64
address sizes	: 36 bits physical, 48 bits virtual
power management:

processor	: 1
vendor_id	: GenuineIntel
cpu family	: 6
model		: 58
model name	: Intel(R) Core(TM) i5-3210M CPU @ 2.50GHz
stepping	: 9
microcode	: 0x1c
cpu MHz		: 1232.812
cache size	: 3072 KB
physical id	: 0
siblings	: 4
core id		: 0
cpu cores	: 2
apicid		: 1
initial apicid	: 1
fpu		: yes
fpu_exception	: yes
cpuid level	: 13
wp		: yes
flags		: fpu vme de pse tsc msr pae mce cx8 apic sep mtrr pge mca cmov pat pse36 clflush dts acpi mmx fxsr sse sse2 ss ht tm pbe syscall nx rdtscp lm constant_tsc arch_perfmon pebs bts rep_good nopl xtopology nonstop_tsc aperfmperf eagerfpu pni pclmulqdq dtes64 monitor ds_cpl vmx est tm2 ssse3 cx16 xtpr pdcm pcid sse4_1 sse4_2 x2apic popcnt tsc_deadline_timer aes xsave avx f16c rdrand lahf_lm epb tpr_shadow vnmi flexpriority ept vpid fsgsbase smep erms xsaveopt dtherm ida arat pln pts
bugs		:
bogomips	: 4988.43
clflush size	: 64
cache_alignment	: 64
address sizes	: 36 bits physical, 48 bits virtual
power management:

processor	: 2
vendor_id	: GenuineIntel
cpu family	: 6
model		: 58
model name	: Intel(R) Core(TM) i5-3210M CPU @ 2.50GHz
stepping	: 9
microcode	: 0x1c
cpu MHz		: 1319.140
cache size	: 3072 KB
physical id	: 0
siblings	: 4
core id		: 1
cpu cores	: 2
apicid		: 2
initial apicid	: 2
fpu		: yes
fpu_exception	: yes
cpuid level	: 13
wp		: yes
flags		: fpu vme de pse tsc msr pae mce cx8 apic sep mtrr pge mca cmov pat pse36 clflush dts acpi mmx fxsr sse sse2 ss ht tm pbe syscall nx rdtscp lm constant_tsc arch_perfmon pebs bts rep_good nopl xtopology nonstop_tsc aperfmperf eagerfpu pni pclmulqdq dtes64 monitor ds_cpl vmx est tm2 ssse3 cx16 xtpr pdcm pcid sse4_1 sse4_2 x2apic popcnt tsc_deadline_timer aes xsave avx f16c rdrand lahf_lm epb tpr_shadow vnmi flexpriority ept vpid fsgsbase smep erms xsaveopt dtherm ida arat pln pts
bugs		:
bogomips	: 4988.43
clflush size	: 64
cache_alignment	: 64
address sizes	: 36 bits physical, 48 bits virtual
power management:

processor	: 3
vendor_id	: GenuineIntel
cpu family	: 6
model		: 58
model name	: Intel(R) Core(TM) i5-3210M CPU @ 2.50GHz
stepping	: 9
microcode	: 0x1c
cpu MHz		: 1511.425
cache size	: 3072 KB
physical id	: 0
siblings	: 4
core id		: 1
cpu cores	: 2
apicid		: 3
initial apicid	: 3
fpu		: yes
fpu_exception	: yes
cpuid level	: 13
wp		: yes
flags		: fpu vme de pse tsc msr pae mce cx8 apic sep mtrr pge mca cmov pat pse36 clflush dts acpi mmx fxsr sse sse2 ss ht tm pbe syscall nx rdtscp lm constant_tsc arch_perfmon pebs bts rep_good nopl xtopology nonstop_tsc aperfmperf eagerfpu pni pclmulqdq dtes64 monitor ds_cpl vmx est tm2 ssse3 cx16 xtpr pdcm pcid sse4_1 sse4_2 x2apic popcnt tsc_deadline_timer aes xsave avx f16c rdrand lahf_lm epb tpr_shadow vnmi flexpriority ept vpid fsgsbase smep erms xsaveopt dtherm ida arat pln pts
bugs		:
bogomips	: 4988.43
clflush size	: 64
cache_alignment	: 64
address sizes	: 36 bits physical, 48 bits virtual
power management:



Memory: 4k page, physical 3921628k(330000k free), swap 3998716k(24k free)

vm_info: Java HotSpot(TM) 64-Bit Server VM (25.101-b13) for linux-amd64 JRE (1.8.0_101-b13), built on Jun 22 2016 02:59:44 by "java_re" with gcc 4.3.0 20080428 (Red Hat 4.3.0-8)

time: Fri Aug 26 08:42:30 2016
elapsed time: 77 seconds (0d 0h 1m 17s)

